2025-09-18 21:06:43 | INFO | Processed JSON message: {'timestamp': '2025-09-19T02:06:43.367451', 'temperature': 87.6}
2025-09-18 21:06:44 | INFO | {'message': 'I just saw a story! It was exciting.', 'author': 'Charlie'}
2025-09-18 21:06:45 | INFO | Processed JSON message: {'message': 'I just saw a story! It was exciting.', 'author': 'Charlie'}
2025-09-18 21:06:45 | INFO | Message received from author: Charlie
2025-09-18 21:06:45 | INFO | Updated author counts: {'Alice': 94, 'Bob': 102, 'Charlie': 113, 'Eve': 119}
2025-09-18 21:06:45 | INFO | Chart updated successfully for message: {"message": "I just saw a story! It was exciting.", "author": "Charlie"}

2025-09-18 21:06:46 | INFO | Sent message to topic 'buzzline_json': {'message': 'Kafka is awesome.', 'author': 'Alice'}
2025-09-18 21:06:46 | INFO | Processed JSON message: {'message': 'Kafka is awesome.', 'author': 'Alice'}
2025-09-18 21:06:46 | INFO | Message received from author: Alice
2025-09-18 21:06:46 | INFO | Updated author counts: {'Eve': 59, 'Alice': 87, 'Charlie': 51, 'Diana': 96, 'Bob': 61}
2025-09-18 21:06:46 | INFO | Chart updated successfully for message: {"message": "Kafka is awesome.", "author": "Alice"}
2025-09-18 21:06:47 | INFO | {'message': 'I just tried a trick! It was amazing.', 'author': 'Charlie'}
2025-09-18 21:06:48 | INFO | Processed JSON message: {'message': 'I just tried a trick! It was amazing.', 'author': 'Charlie'}
2025-09-18 21:06:48 | INFO | Sent message to topic 'smoker_csv': {'timestamp': '2025-09-19T02:06:48.369955', 'temperature': 88.0}
2025-09-18 21:06:48 | INFO | Message received from author: Charlie
2025-09-18 21:06:48 | INFO | Updated author counts: {'Alice': 94, 'Bob': 102, 'Charlie': 114, 'Eve': 119}
2025-09-18 21:06:48 | INFO | Processed JSON message: {'timestamp': '2025-09-19T02:06:48.369955', 'temperature': 88.0}
2025-09-18 21:06:48 | INFO | Chart updated successfully for message: {"message": "I just tried a trick! It was amazing.", "author": "Charlie"}

2025-09-18 21:06:49 | INFO | Sent message to topic 'buzzline_json': {'message': 'JSON makes life easier.', 'author': 'Bob'}
2025-09-18 21:06:49 | INFO | Processed JSON message: {'message': 'JSON makes life easier.', 'author': 'Bob'}
2025-09-18 21:06:49 | INFO | Message received from author: Bob
2025-09-18 21:06:49 | INFO | Updated author counts: {'Eve': 59, 'Alice': 87, 'Charlie': 51, 'Diana': 96, 'Bob': 62}
2025-09-18 21:06:49 | INFO | Chart updated successfully for message: {"message": "JSON makes life easier.", "author": "Bob"}
2025-09-18 21:06:50 | INFO | {'message': 'I just shared a meme! It was weird.', 'author': 'Alice'}
2025-09-18 21:06:50 | INFO | Processed JSON message: {'message': 'I just shared a meme! It was weird.', 'author': 'Alice'}
2025-09-18 21:06:50 | INFO | Message received from author: Alice
2025-09-18 21:06:50 | INFO | Updated author counts: {'Alice': 95, 'Bob': 102, 'Charlie': 114, 'Eve': 119}
2025-09-18 21:06:51 | INFO | Chart updated successfully for message: {"message": "I just shared a meme! It was weird.", "author": "Alice"}

2025-09-18 21:06:52 | INFO | Sent message to topic 'buzzline_json': {'message': 'This is a buzz message.', 'author': 'Charlie'}
2025-09-18 21:06:52 | INFO | Processed JSON message: {'message': 'This is a buzz message.', 'author': 'Charlie'}
2025-09-18 21:06:52 | INFO | Message received from author: Charlie
2025-09-18 21:06:52 | INFO | Updated author counts: {'Eve': 59, 'Alice': 87, 'Charlie': 52, 'Diana': 96, 'Bob': 62}
2025-09-18 21:06:52 | INFO | Chart updated successfully for message: {"message": "This is a buzz message.", "author": "Charlie"}
2025-09-18 21:06:53 | INFO | Sent message to topic 'smoker_csv': {'timestamp': '2025-09-19T02:06:53.371309', 'temperature': 88.4}
2025-09-18 21:06:53 | INFO | Processed JSON message: {'timestamp': '2025-09-19T02:06:53.371309', 'temperature': 88.4}
2025-09-18 21:06:53 | INFO | {'message': 'I just shared an app! It was boring.', 'author': 'Eve'}
2025-09-18 21:06:54 | INFO | Processed JSON message: {'message': 'I just shared an app! It was boring.', 'author': 'Eve'}
2025-09-18 21:06:54 | INFO | Message received from author: Eve
2025-09-18 21:06:54 | INFO | Updated author counts: {'Alice': 95, 'Bob': 102, 'Charlie': 114, 'Eve': 120}
2025-09-18 21:06:54 | INFO | Chart updated successfully for message: {"message": "I just shared an app! It was boring.", "author": "Eve"}

2025-09-18 21:06:55 | INFO | Sent message to topic 'buzzline_json': {'message': 'Have a great day!', 'author': 'Diana'}
2025-09-18 21:06:55 | INFO | Processed JSON message: {'message': 'Have a great day!', 'author': 'Diana'}
2025-09-18 21:06:55 | INFO | Message received from author: Diana
2025-09-18 21:06:55 | INFO | Updated author counts: {'Eve': 59, 'Alice': 87, 'Charlie': 52, 'Diana': 97, 'Bob': 62}
2025-09-18 21:06:55 | INFO | Chart updated successfully for message: {"message": "Have a great day!", "author": "Diana"}
2025-09-18 21:06:56 | INFO | {'message': 'I just tried a meme! It was funny.', 'author': 'Eve'}
2025-09-18 21:06:57 | INFO | Processed JSON message: {'message': 'I just tried a meme! It was funny.', 'author': 'Eve'}
2025-09-18 21:06:57 | INFO | Message received from author: Eve
2025-09-18 21:06:57 | INFO | Updated author counts: {'Alice': 95, 'Bob': 102, 'Charlie': 114, 'Eve': 121}
2025-09-18 21:06:57 | INFO | Chart updated successfully for message: {"message": "I just tried a meme! It was funny.", "author": "Eve"}

2025-09-18 21:06:58 | INFO | Sent message to topic 'buzzline_json': {'message': 'Distributed systems are fascinating.', 'author': 'Bob'}
2025-09-18 21:06:58 | INFO | Processed JSON message: {'message': 'Distributed systems are fascinating.', 'author': 'Bob'}
2025-09-18 21:06:58 | INFO | Message received from author: Bob
2025-09-18 21:06:58 | INFO | Updated author counts: {'Eve': 59, 'Alice': 87, 'Charlie': 52, 'Diana': 97, 'Bob': 63}
2025-09-18 21:06:58 | INFO | Chart updated successfully for message: {"message": "Distributed systems are fascinating.", "author": "Bob"}
2025-09-18 21:06:58 | INFO | Sent message to topic 'smoker_csv': {'timestamp': '2025-09-19T02:06:58.374454', 'temperature': 88.8}
2025-09-18 21:06:58 | INFO | Processed JSON message: {'timestamp': '2025-09-19T02:06:58.374454', 'temperature': 88.8}
2025-09-18 21:06:59 | INFO | {'message': 'I just saw a trick! It was exciting.', 'author': 'Eve'}
2025-09-18 21:07:00 | INFO | Processed JSON message: {'message': 'I just saw a trick! It was exciting.', 'author': 'Eve'}
2025-09-18 21:07:00 | INFO | Message received from author: Eve
2025-09-18 21:07:00 | INFO | Updated author counts: {'Alice': 95, 'Bob': 102, 'Charlie': 114, 'Eve': 122}
2025-09-18 21:07:00 | INFO | Chart updated successfully for message: {"message": "I just saw a trick! It was exciting.", "author": "Eve"}

2025-09-18 21:07:01 | INFO | Sent message to topic 'buzzline_json': {'message': 'Kafka is awesome.', 'author': 'Alice'}
2025-09-18 21:07:01 | INFO | Processed JSON message: {'message': 'Kafka is awesome.', 'author': 'Alice'}
2025-09-18 21:07:01 | INFO | Message received from author: Alice
2025-09-18 21:07:01 | INFO | Updated author counts: {'Eve': 59, 'Alice': 88, 'Charlie': 52, 'Diana': 97, 'Bob': 63}
2025-09-18 21:07:01 | INFO | Chart updated successfully for message: {"message": "Kafka is awesome.", "author": "Alice"}
2025-09-18 21:07:02 | INFO | {'message': 'I just found a movie! It was boring.', 'author': 'Eve'}
2025-09-18 21:07:03 | INFO | Processed JSON message: {'message': 'I just found a movie! It was boring.', 'author': 'Eve'}
2025-09-18 21:07:03 | INFO | Message received from author: Eve
2025-09-18 21:07:03 | INFO | Updated author counts: {'Alice': 95, 'Bob': 102, 'Charlie': 114, 'Eve': 123}
2025-09-18 21:07:03 | INFO | Chart updated successfully for message: {"message": "I just found a movie! It was boring.", "author": "Eve"}

2025-09-18 21:07:03 | INFO | Sent message to topic 'smoker_csv': {'timestamp': '2025-09-19T02:07:03.375588', 'temperature': 89.2}
2025-09-18 21:07:03 | INFO | Processed JSON message: {'timestamp': '2025-09-19T02:07:03.375588', 'temperature': 89.2}
2025-09-18 21:07:04 | INFO | Sent message to topic 'buzzline_json': {'message': 'Streaming data is fun.', 'author': 'Alice'}
2025-09-18 21:07:04 | INFO | Processed JSON message: {'message': 'Streaming data is fun.', 'author': 'Alice'}
2025-09-18 21:07:04 | INFO | Message received from author: Alice
2025-09-18 21:07:04 | INFO | Updated author counts: {'Eve': 59, 'Alice': 89, 'Charlie': 52, 'Diana': 97, 'Bob': 63}
2025-09-18 21:07:04 | INFO | Chart updated successfully for message: {"message": "Streaming data is fun.", "author": "Alice"}
2025-09-18 21:07:05 | INFO | {'message': 'I just shared a meme! It was funny.', 'author': 'Eve'}
2025-09-18 21:07:06 | INFO | Processed JSON message: {'message': 'I just shared a meme! It was funny.', 'author': 'Eve'}
2025-09-18 21:07:06 | INFO | Message received from author: Eve
2025-09-18 21:07:06 | INFO | Updated author counts: {'Alice': 95, 'Bob': 102, 'Charlie': 114, 'Eve': 124}
2025-09-18 21:07:06 | INFO | Chart updated successfully for message: {"message": "I just shared a meme! It was funny.", "author": "Eve"}

2025-09-18 21:07:07 | INFO | Sent message to topic 'buzzline_json': {'message': 'Have a great day!', 'author': 'Diana'}
2025-09-18 21:07:07 | INFO | Processed JSON message: {'message': 'Have a great day!', 'author': 'Diana'}
2025-09-18 21:07:07 | INFO | Message received from author: Diana
2025-09-18 21:07:07 | INFO | Updated author counts: {'Eve': 59, 'Alice': 89, 'Charlie': 52, 'Diana': 98, 'Bob': 63}
2025-09-18 21:07:07 | INFO | Chart updated successfully for message: {"message": "Have a great day!", "author": "Diana"}
2025-09-18 21:07:08 | INFO | Sent message to topic 'smoker_csv': {'timestamp': '2025-09-19T02:07:08.380692', 'temperature': 89.6}
2025-09-18 21:07:08 | INFO | Processed JSON message: {'timestamp': '2025-09-19T02:07:08.380692', 'temperature': 89.6}
2025-09-18 21:07:08 | INFO | {'message': 'I just tried a movie! It was funny.', 'author': 'Alice'}
2025-09-18 21:07:08 | INFO | Processed JSON message: {'message': 'I just tried a movie! It was funny.', 'author': 'Alice'}
2025-09-18 21:07:09 | INFO | Message received from author: Alice
2025-09-18 21:07:09 | INFO | Updated author counts: {'Alice': 96, 'Bob': 102, 'Charlie': 114, 'Eve': 124}
2025-09-18 21:07:09 | INFO | Chart updated successfully for message: {"message": "I just tried a movie! It was funny.", "author": "Alice"}

2025-09-18 21:07:10 | INFO | Sent message to topic 'buzzline_json': {'message': 'Streaming data is fun.', 'author': 'Alice'}
2025-09-18 21:07:10 | INFO | Processed JSON message: {'message': 'Streaming data is fun.', 'author': 'Alice'}
2025-09-18 21:07:10 | INFO | Message received from author: Alice
2025-09-18 21:07:10 | INFO | Updated author counts: {'Eve': 59, 'Alice': 90, 'Charlie': 52, 'Diana': 98, 'Bob': 63}
2025-09-18 21:07:10 | INFO | Chart updated successfully for message: {"message": "Streaming data is fun.", "author": "Alice"}
2025-09-18 21:07:11 | INFO | {'message': 'I just loved a trick! It was exciting.', 'author': 'Charlie'}
2025-09-18 21:07:12 | INFO | Processed JSON message: {'message': 'I just loved a trick! It was exciting.', 'author': 'Charlie'}
2025-09-18 21:07:12 | INFO | Message received from author: Charlie
2025-09-18 21:07:12 | INFO | Updated author counts: {'Alice': 96, 'Bob': 102, 'Charlie': 115, 'Eve': 124}
2025-09-18 21:07:12 | INFO | Chart updated successfully for message: {"message": "I just loved a trick! It was exciting.", "author": "Charlie"}

2025-09-18 21:07:13 | INFO | Sent message to topic 'buzzline_json': {'message': 'This is a buzz message.', 'author': 'Diana'}
2025-09-18 21:07:13 | INFO | Processed JSON message: {'message': 'This is a buzz message.', 'author': 'Diana'}
2025-09-18 21:07:13 | INFO | Message received from author: Diana
2025-09-18 21:07:13 | INFO | Updated author counts: {'Eve': 59, 'Alice': 90, 'Charlie': 52, 'Diana': 99, 'Bob': 63}
2025-09-18 21:07:13 | INFO | Chart updated successfully for message: {"message": "This is a buzz message.", "author": "Diana"}
2025-09-18 21:07:13 | INFO | Sent message to topic 'smoker_csv': {'timestamp': '2025-09-19T02:07:13.381838', 'temperature': 90.0}
2025-09-18 21:07:13 | INFO | Processed JSON message: {'timestamp': '2025-09-19T02:07:13.381838', 'temperature': 90.0}
2025-09-18 21:07:14 | INFO | {'message': 'I just loved an app! It was weird.', 'author': 'Bob'}
2025-09-18 21:07:15 | INFO | Processed JSON message: {'message': 'I just loved an app! It was weird.', 'author': 'Bob'}
2025-09-18 21:07:15 | INFO | Message received from author: Bob
2025-09-18 21:07:15 | INFO | Updated author counts: {'Alice': 96, 'Bob': 103, 'Charlie': 115, 'Eve': 124}
2025-09-18 21:07:15 | INFO | Chart updated successfully for message: {"message": "I just loved an app! It was weird.", "author": "Bob"}

2025-09-18 21:07:16 | INFO | Sent message to topic 'buzzline_json': {'message': 'Data engineering is my passion.', 'author': 'Bob'}
2025-09-18 21:07:16 | INFO | Processed JSON message: {'message': 'Data engineering is my passion.', 'author': 'Bob'}
2025-09-18 21:07:16 | INFO | Message received from author: Bob
2025-09-18 21:07:16 | INFO | Updated author counts: {'Eve': 59, 'Alice': 90, 'Charlie': 52, 'Diana': 99, 'Bob': 64}
2025-09-18 21:07:16 | INFO | Chart updated successfully for message: {"message": "Data engineering is my passion.", "author": "Bob"}
2025-09-18 21:07:17 | INFO | {'message': 'I just saw an app! It was boring.', 'author': 'Alice'}
2025-09-18 21:07:17 | INFO | Processed JSON message: {'message': 'I just saw an app! It was boring.', 'author': 'Alice'}
2025-09-18 21:07:17 | INFO | Message received from author: Alice
2025-09-18 21:07:17 | INFO | Updated author counts: {'Alice': 97, 'Bob': 103, 'Charlie': 115, 'Eve': 124}
2025-09-18 21:07:18 | INFO | Chart updated successfully for message: {"message": "I just saw an app! It was boring.", "author": "Alice"}

2025-09-18 21:07:18 | INFO | Sent message to topic 'smoker_csv': {'timestamp': '2025-09-19T02:07:18.383683', 'temperature': 90.4}
2025-09-18 21:07:18 | INFO | Processed JSON message: {'timestamp': '2025-09-19T02:07:18.383683', 'temperature': 90.4}
2025-09-18 21:07:19 | INFO | Sent message to topic 'buzzline_json': {'message': 'Have a great day!', 'author': 'Diana'}
2025-09-18 21:07:19 | INFO | Processed JSON message: {'message': 'Have a great day!', 'author': 'Diana'}
2025-09-18 21:07:19 | INFO | Message received from author: Diana
2025-09-18 21:07:19 | INFO | Updated author counts: {'Eve': 59, 'Alice': 90, 'Charlie': 52, 'Diana': 100, 'Bob': 64}
2025-09-18 21:07:19 | INFO | Chart updated successfully for message: {"message": "Have a great day!", "author": "Diana"}
2025-09-18 21:07:20 | INFO | {'message': 'I just shared an app! It was funny.', 'author': 'Charlie'}
2025-09-18 21:07:21 | INFO | Processed JSON message: {'message': 'I just shared an app! It was funny.', 'author': 'Charlie'}
2025-09-18 21:07:21 | INFO | Message received from author: Charlie
2025-09-18 21:07:21 | INFO | Updated author counts: {'Alice': 97, 'Bob': 103, 'Charlie': 116, 'Eve': 124}
2025-09-18 21:07:21 | INFO | Chart updated successfully for message: {"message": "I just shared an app! It was funny.", "author": "Charlie"}

2025-09-18 21:07:22 | INFO | Sent message to topic 'buzzline_json': {'message': 'Kafka is awesome.', 'author': 'Alice'}
2025-09-18 21:07:22 | INFO | Processed JSON message: {'message': 'Kafka is awesome.', 'author': 'Alice'}
2025-09-18 21:07:22 | INFO | Message received from author: Alice
2025-09-18 21:07:22 | INFO | Updated author counts: {'Eve': 59, 'Alice': 91, 'Charlie': 52, 'Diana': 100, 'Bob': 64}
2025-09-18 21:07:22 | INFO | Chart updated successfully for message: {"message": "Kafka is awesome.", "author": "Alice"}
2025-09-18 21:07:23 | INFO | Sent message to topic 'smoker_csv': {'timestamp': '2025-09-19T02:07:23.385539', 'temperature': 90.8}
2025-09-18 21:07:23 | INFO | Processed JSON message: {'timestamp': '2025-09-19T02:07:23.385539', 'temperature': 90.8}
2025-09-18 21:07:23 | INFO | {'message': 'I just tried a movie! It was funny.', 'author': 'Alice'}
2025-09-18 21:07:24 | INFO | Processed JSON message: {'message': 'I just tried a movie! It was funny.', 'author': 'Alice'}
2025-09-18 21:07:24 | INFO | Message received from author: Alice
2025-09-18 21:07:24 | INFO | Updated author counts: {'Alice': 98, 'Bob': 103, 'Charlie': 116, 'Eve': 124}
2025-09-18 21:07:24 | INFO | Chart updated successfully for message: {"message": "I just tried a movie! It was funny.", "author": "Alice"}

2025-09-18 21:07:25 | INFO | Sent message to topic 'buzzline_json': {'message': 'Kafka is awesome.', 'author': 'Eve'}
2025-09-18 21:07:25 | INFO | Processed JSON message: {'message': 'Kafka is awesome.', 'author': 'Eve'}
2025-09-18 21:07:25 | INFO | Message received from author: Eve
2025-09-18 21:07:25 | INFO | Updated author counts: {'Eve': 60, 'Alice': 91, 'Charlie': 52, 'Diana': 100, 'Bob': 64}
2025-09-18 21:07:25 | INFO | Chart updated successfully for message: {"message": "Kafka is awesome.", "author": "Eve"}
2025-09-18 21:07:26 | INFO | {'message': 'I just saw a movie! It was amazing.', 'author': 'Charlie'}
2025-09-18 21:07:27 | INFO | Processed JSON message: {'message': 'I just saw a movie! It was amazing.', 'author': 'Charlie'}
2025-09-18 21:07:27 | INFO | Message received from author: Charlie
2025-09-18 21:07:27 | INFO | Updated author counts: {'Alice': 98, 'Bob': 103, 'Charlie': 117, 'Eve': 124}
2025-09-18 21:07:27 | INFO | Chart updated successfully for message: {"message": "I just saw a movie! It was amazing.", "author": "Charlie"}

2025-09-18 21:07:28 | INFO | Sent message to topic 'buzzline_json': {'message': 'Have a great day!', 'author': 'Diana'}
2025-09-18 21:07:28 | INFO | Processed JSON message: {'message': 'Have a great day!', 'author': 'Diana'}
2025-09-18 21:07:28 | INFO | Message received from author: Diana
2025-09-18 21:07:28 | INFO | Updated author counts: {'Eve': 60, 'Alice': 91, 'Charlie': 52, 'Diana': 101, 'Bob': 64}
2025-09-18 21:07:28 | INFO | Chart updated successfully for message: {"message": "Have a great day!", "author": "Diana"}
2025-09-18 21:07:28 | INFO | Sent message to topic 'smoker_csv': {'timestamp': '2025-09-19T02:07:28.388070', 'temperature': 91.2}
2025-09-18 21:07:28 | INFO | Processed JSON message: {'timestamp': '2025-09-19T02:07:28.388070', 'temperature': 91.2}
2025-09-18 21:07:29 | INFO | {'message': 'I just found an app! It was amazing.', 'author': 'Bob'}
2025-09-18 21:07:30 | INFO | Processed JSON message: {'message': 'I just found an app! It was amazing.', 'author': 'Bob'}
2025-09-18 21:07:30 | INFO | Message received from author: Bob
2025-09-18 21:07:30 | INFO | Updated author counts: {'Alice': 98, 'Bob': 104, 'Charlie': 117, 'Eve': 124}
2025-09-18 21:07:30 | INFO | Chart updated successfully for message: {"message": "I just found an app! It was amazing.", "author": "Bob"}

2025-09-18 21:07:31 | INFO | Sent message to topic 'buzzline_json': {'message': 'Buzz messages for everyone.', 'author': 'Charlie'}
2025-09-18 21:07:31 | INFO | Processed JSON message: {'message': 'Buzz messages for everyone.', 'author': 'Charlie'}
2025-09-18 21:07:31 | INFO | Message received from author: Charlie
2025-09-18 21:07:31 | INFO | Updated author counts: {'Eve': 60, 'Alice': 91, 'Charlie': 53, 'Diana': 101, 'Bob': 64}
2025-09-18 21:07:31 | INFO | Chart updated successfully for message: {"message": "Buzz messages for everyone.", "author": "Charlie"}
2025-09-18 21:07:32 | INFO | {'message': 'I just loved a trick! It was boring.', 'author': 'Eve'}
2025-09-18 21:07:33 | INFO | Processed JSON message: {'message': 'I just loved a trick! It was boring.', 'author': 'Eve'}
2025-09-18 21:07:33 | INFO | Message received from author: Eve
2025-09-18 21:07:33 | INFO | Updated author counts: {'Alice': 98, 'Bob': 104, 'Charlie': 117, 'Eve': 125}
2025-09-18 21:07:33 | INFO | Chart updated successfully for message: {"message": "I just loved a trick! It was boring.", "author": "Eve"}

2025-09-18 21:07:33 | INFO | Sent message to topic 'smoker_csv': {'timestamp': '2025-09-19T02:07:33.393066', 'temperature': 91.6}
2025-09-18 21:07:33 | INFO | Processed JSON message: {'timestamp': '2025-09-19T02:07:33.393066', 'temperature': 91.6}
2025-09-18 21:07:34 | INFO | Sent message to topic 'buzzline_json': {'message': 'This is a buzz message.', 'author': 'Charlie'}
2025-09-18 21:07:34 | INFO | Processed JSON message: {'message': 'This is a buzz message.', 'author': 'Charlie'}
2025-09-18 21:07:34 | INFO | Message received from author: Charlie
2025-09-18 21:07:34 | INFO | Updated author counts: {'Eve': 60, 'Alice': 91, 'Charlie': 54, 'Diana': 101, 'Bob': 64}
2025-09-18 21:07:34 | INFO | Chart updated successfully for message: {"message": "This is a buzz message.", "author": "Charlie"}
2025-09-18 21:07:35 | INFO | {'message': 'I just tried a trick! It was amazing.', 'author': 'Alice'}
2025-09-18 21:07:36 | INFO | Processed JSON message: {'message': 'I just tried a trick! It was amazing.', 'author': 'Alice'}
2025-09-18 21:07:36 | INFO | Message received from author: Alice
2025-09-18 21:07:36 | INFO | Updated author counts: {'Alice': 99, 'Bob': 104, 'Charlie': 117, 'Eve': 125}
2025-09-18 21:07:36 | INFO | Chart updated successfully for message: {"message": "I just tried a trick! It was amazing.", "author": "Alice"}

2025-09-18 21:07:37 | INFO | Sent message to topic 'buzzline_json': {'message': 'Streaming data is fun.', 'author': 'Alice'}
2025-09-18 21:07:37 | INFO | Processed JSON message: {'message': 'Streaming data is fun.', 'author': 'Alice'}
2025-09-18 21:07:37 | INFO | Message received from author: Alice
2025-09-18 21:07:37 | INFO | Updated author counts: {'Eve': 60, 'Alice': 92, 'Charlie': 54, 'Diana': 101, 'Bob': 64}
2025-09-18 21:07:37 | INFO | Chart updated successfully for message: {"message": "Streaming data is fun.", "author": "Alice"}
2025-09-18 21:07:38 | INFO | Sent message to topic 'smoker_csv': {'timestamp': '2025-09-19T02:07:38.394580', 'temperature': 92.0}
2025-09-18 21:07:38 | INFO | Processed JSON message: {'timestamp': '2025-09-19T02:07:38.394580', 'temperature': 92.0}
2025-09-18 21:07:38 | INFO | {'message': 'I just saw a trick! It was weird.', 'author': 'Charlie'}
2025-09-18 21:07:38 | INFO | Processed JSON message: {'message': 'I just saw a trick! It was weird.', 'author': 'Charlie'}
2025-09-18 21:07:38 | INFO | Message received from author: Charlie
2025-09-18 21:07:38 | INFO | Updated author counts: {'Alice': 99, 'Bob': 104, 'Charlie': 118, 'Eve': 125}
2025-09-18 21:07:39 | INFO | Chart updated successfully for message: {"message": "I just saw a trick! It was weird.", "author": "Charlie"}

2025-09-18 21:07:40 | INFO | Sent message to topic 'buzzline_json': {'message': 'Hello, Kafka world!', 'author': 'Diana'}
2025-09-18 21:07:40 | INFO | Processed JSON message: {'message': 'Hello, Kafka world!', 'author': 'Diana'}
2025-09-18 21:07:40 | INFO | Message received from author: Diana
2025-09-18 21:07:40 | INFO | Updated author counts: {'Eve': 60, 'Alice': 92, 'Charlie': 54, 'Diana': 102, 'Bob': 64}
2025-09-18 21:07:40 | INFO | Chart updated successfully for message: {"message": "Hello, Kafka world!", "author": "Diana"}
2025-09-18 21:07:41 | INFO | {'message': 'I just found an app! It was boring.', 'author': 'Alice'}
2025-09-18 21:07:42 | INFO | Processed JSON message: {'message': 'I just found an app! It was boring.', 'author': 'Alice'}
2025-09-18 21:07:42 | INFO | Message received from author: Alice
2025-09-18 21:07:42 | INFO | Updated author counts: {'Alice': 100, 'Bob': 104, 'Charlie': 118, 'Eve': 125}
2025-09-18 21:07:42 | INFO | Chart updated successfully for message: {"message": "I just found an app! It was boring.", "author": "Alice"}

2025-09-18 21:07:43 | INFO | Sent message to topic 'buzzline_json': {'message': 'Kafka is awesome.', 'author': 'Bob'}
2025-09-18 21:07:43 | INFO | Processed JSON message: {'message': 'Kafka is awesome.', 'author': 'Bob'}
2025-09-18 21:07:43 | INFO | Message received from author: Bob
2025-09-18 21:07:43 | INFO | Updated author counts: {'Eve': 60, 'Alice': 92, 'Charlie': 54, 'Diana': 102, 'Bob': 65}
2025-09-18 21:07:43 | INFO | Chart updated successfully for message: {"message": "Kafka is awesome.", "author": "Bob"}
2025-09-18 21:07:43 | INFO | Sent message to topic 'smoker_csv': {'timestamp': '2025-09-19T02:07:43.396374', 'temperature': 92.4}
2025-09-18 21:07:43 | INFO | Processed JSON message: {'timestamp': '2025-09-19T02:07:43.396374', 'temperature': 92.4}
2025-09-18 21:07:44 | INFO | {'message': 'I just saw a story! It was exciting.', 'author': 'Bob'}
2025-09-18 21:07:45 | INFO | Processed JSON message: {'message': 'I just saw a story! It was exciting.', 'author': 'Bob'}
2025-09-18 21:07:45 | INFO | Message received from author: Bob
2025-09-18 21:07:45 | INFO | Updated author counts: {'Alice': 100, 'Bob': 105, 'Charlie': 118, 'Eve': 125}
2025-09-18 21:07:45 | INFO | Chart updated successfully for message: {"message": "I just saw a story! It was exciting.", "author": "Bob"}

2025-09-18 21:07:46 | INFO | Sent message to topic 'buzzline_json': {'message': 'I love Python!', 'author': 'Eve'}
2025-09-18 21:07:46 | INFO | Processed JSON message: {'message': 'I love Python!', 'author': 'Eve'}
2025-09-18 21:07:46 | INFO | Message received from author: Eve
2025-09-18 21:07:46 | INFO | Updated author counts: {'Eve': 61, 'Alice': 92, 'Charlie': 54, 'Diana': 102, 'Bob': 65}
2025-09-18 21:07:46 | INFO | Chart updated successfully for message: {"message": "I love Python!", "author": "Eve"}
2025-09-18 21:07:47 | INFO | {'message': 'I just found a story! It was boring.', 'author': 'Eve'}
2025-09-18 21:07:48 | INFO | Sent message to topic 'smoker_csv': {'timestamp': '2025-09-19T02:07:48.400565', 'temperature': 92.8}
2025-09-18 21:07:48 | INFO | Processed JSON message: {'message': 'I just found a story! It was boring.', 'author': 'Eve'}
2025-09-18 21:07:48 | INFO | Processed JSON message: {'timestamp': '2025-09-19T02:07:48.400565', 'temperature': 92.8}
2025-09-18 21:07:48 | INFO | Message received from author: Eve
2025-09-18 21:07:48 | INFO | Updated author counts: {'Alice': 100, 'Bob': 105, 'Charlie': 118, 'Eve': 126}
2025-09-18 21:07:48 | INFO | Chart updated successfully for message: {"message": "I just found a story! It was boring.", "author": "Eve"}

2025-09-18 21:07:49 | INFO | Sent message to topic 'buzzline_json': {'message': 'JSON makes life easier.', 'author': 'Charlie'}
2025-09-18 21:07:49 | INFO | Processed JSON message: {'message': 'JSON makes life easier.', 'author': 'Charlie'}
2025-09-18 21:07:49 | INFO | Message received from author: Charlie
2025-09-18 21:07:49 | INFO | Updated author counts: {'Eve': 61, 'Alice': 92, 'Charlie': 55, 'Diana': 102, 'Bob': 65}
2025-09-18 21:07:49 | INFO | Chart updated successfully for message: {"message": "JSON makes life easier.", "author": "Charlie"}
2025-09-18 21:07:50 | INFO | {'message': 'I just saw a trick! It was weird.', 'author': 'Alice'}
2025-09-18 21:07:50 | INFO | Processed JSON message: {'message': 'I just saw a trick! It was weird.', 'author': 'Alice'}
2025-09-18 21:07:50 | INFO | Message received from author: Alice
2025-09-18 21:07:50 | INFO | Updated author counts: {'Alice': 101, 'Bob': 105, 'Charlie': 118, 'Eve': 126}
2025-09-18 21:07:51 | INFO | Chart updated successfully for message: {"message": "I just saw a trick! It was weird.", "author": "Alice"}

2025-09-18 21:07:52 | INFO | Sent message to topic 'buzzline_json': {'message': 'I love Python!', 'author': 'Charlie'}
2025-09-18 21:07:52 | INFO | Processed JSON message: {'message': 'I love Python!', 'author': 'Charlie'}
2025-09-18 21:07:52 | INFO | Message received from author: Charlie
2025-09-18 21:07:52 | INFO | Updated author counts: {'Eve': 61, 'Alice': 92, 'Charlie': 56, 'Diana': 102, 'Bob': 65}
2025-09-18 21:07:52 | INFO | Chart updated successfully for message: {"message": "I love Python!", "author": "Charlie"}
2025-09-18 21:07:53 | INFO | Sent message to topic 'smoker_csv': {'timestamp': '2025-09-19T02:07:53.402363', 'temperature': 93.2}
2025-09-18 21:07:53 | INFO | Processed JSON message: {'timestamp': '2025-09-19T02:07:53.402363', 'temperature': 93.2}
2025-09-18 21:07:53 | INFO | {'message': 'I just loved a meme! It was funny.', 'author': 'Bob'}
2025-09-18 21:07:54 | INFO | Processed JSON message: {'message': 'I just loved a meme! It was funny.', 'author': 'Bob'}
2025-09-18 21:07:54 | INFO | Message received from author: Bob
2025-09-18 21:07:54 | INFO | Updated author counts: {'Alice': 101, 'Bob': 106, 'Charlie': 118, 'Eve': 126}
2025-09-18 21:07:54 | INFO | Chart updated successfully for message: {"message": "I just loved a meme! It was funny.", "author": "Bob"}

2025-09-18 21:07:55 | INFO | Sent message to topic 'buzzline_json': {'message': 'I love Python!', 'author': 'Charlie'}
2025-09-18 21:07:55 | INFO | Processed JSON message: {'message': 'I love Python!', 'author': 'Charlie'}
2025-09-18 21:07:55 | INFO | Message received from author: Charlie
2025-09-18 21:07:55 | INFO | Updated author counts: {'Eve': 61, 'Alice': 92, 'Charlie': 57, 'Diana': 102, 'Bob': 65}
2025-09-18 21:07:55 | INFO | Chart updated successfully for message: {"message": "I love Python!", "author": "Charlie"}
2025-09-18 21:07:56 | INFO | {'message': 'I just saw an app! It was funny.', 'author': 'Eve'}
2025-09-18 21:07:57 | INFO | Processed JSON message: {'message': 'I just saw an app! It was funny.', 'author': 'Eve'}
2025-09-18 21:07:57 | INFO | Message received from author: Eve
2025-09-18 21:07:57 | INFO | Updated author counts: {'Alice': 101, 'Bob': 106, 'Charlie': 118, 'Eve': 127}
2025-09-18 21:07:57 | INFO | Chart updated successfully for message: {"message": "I just saw an app! It was funny.", "author": "Eve"}

2025-09-18 21:07:58 | INFO | Sent message to topic 'buzzline_json': {'message': 'I love Python!', 'author': 'Diana'}
2025-09-18 21:07:58 | INFO | Processed JSON message: {'message': 'I love Python!', 'author': 'Diana'}
2025-09-18 21:07:58 | INFO | Message received from author: Diana
2025-09-18 21:07:58 | INFO | Updated author counts: {'Eve': 61, 'Alice': 92, 'Charlie': 57, 'Diana': 103, 'Bob': 65}
2025-09-18 21:07:58 | INFO | Chart updated successfully for message: {"message": "I love Python!", "author": "Diana"}
2025-09-18 21:07:58 | INFO | Sent message to topic 'smoker_csv': {'timestamp': '2025-09-19T02:07:58.404299', 'temperature': 93.6}
2025-09-18 21:07:58 | INFO | Processed JSON message: {'timestamp': '2025-09-19T02:07:58.404299', 'temperature': 93.6}
2025-09-18 21:07:59 | INFO | {'message': 'I just found a story! It was weird.', 'author': 'Alice'}
2025-09-18 21:07:59 | INFO | Processed JSON message: {'message': 'I just found a story! It was weird.', 'author': 'Alice'}
2025-09-18 21:07:59 | INFO | Message received from author: Alice
2025-09-18 21:07:59 | INFO | Updated author counts: {'Alice': 102, 'Bob': 106, 'Charlie': 118, 'Eve': 127}
2025-09-18 21:08:00 | INFO | Chart updated successfully for message: {"message": "I just found a story! It was weird.", "author": "Alice"}

2025-09-18 21:08:01 | INFO | Sent message to topic 'buzzline_json': {'message': 'Streaming data is fun.', 'author': 'Diana'}
2025-09-18 21:08:01 | INFO | Processed JSON message: {'message': 'Streaming data is fun.', 'author': 'Diana'}
2025-09-18 21:08:01 | INFO | Message received from author: Diana
2025-09-18 21:08:01 | INFO | Updated author counts: {'Eve': 61, 'Alice': 92, 'Charlie': 57, 'Diana': 104, 'Bob': 65}
2025-09-18 21:08:01 | INFO | Chart updated successfully for message: {"message": "Streaming data is fun.", "author": "Diana"}
2025-09-18 21:08:02 | INFO | {'message': 'I just saw a story! It was weird.', 'author': 'Alice'}
2025-09-18 21:08:03 | INFO | Processed JSON message: {'message': 'I just saw a story! It was weird.', 'author': 'Alice'}
2025-09-18 21:08:03 | INFO | Message received from author: Alice
2025-09-18 21:08:03 | INFO | Updated author counts: {'Alice': 103, 'Bob': 106, 'Charlie': 118, 'Eve': 127}
2025-09-18 21:08:03 | INFO | Chart updated successfully for message: {"message": "I just saw a story! It was weird.", "author": "Alice"}

2025-09-18 21:08:03 | INFO | Sent message to topic 'smoker_csv': {'timestamp': '2025-09-19T02:08:03.406292', 'temperature': 94.0}
2025-09-18 21:08:03 | INFO | Processed JSON message: {'timestamp': '2025-09-19T02:08:03.406292', 'temperature': 94.0}
2025-09-18 21:08:04 | INFO | Sent message to topic 'buzzline_json': {'message': 'Data engineering is my passion.', 'author': 'Eve'}
2025-09-18 21:08:04 | INFO | Processed JSON message: {'message': 'Data engineering is my passion.', 'author': 'Eve'}
2025-09-18 21:08:04 | INFO | Message received from author: Eve
2025-09-18 21:08:04 | INFO | Updated author counts: {'Eve': 62, 'Alice': 92, 'Charlie': 57, 'Diana': 104, 'Bob': 65}
2025-09-18 21:08:04 | INFO | Chart updated successfully for message: {"message": "Data engineering is my passion.", "author": "Eve"}
2025-09-18 21:08:05 | INFO | {'message': 'I just tried a movie! It was exciting.', 'author': 'Charlie'}
2025-09-18 21:08:06 | INFO | Processed JSON message: {'message': 'I just tried a movie! It was exciting.', 'author': 'Charlie'}
2025-09-18 21:08:06 | INFO | Message received from author: Charlie
2025-09-18 21:08:06 | INFO | Updated author counts: {'Alice': 103, 'Bob': 106, 'Charlie': 119, 'Eve': 127}
2025-09-18 21:08:06 | INFO | Chart updated successfully for message: {"message": "I just tried a movie! It was exciting.", "author": "Charlie"}

2025-09-18 21:08:07 | INFO | Sent message to topic 'buzzline_json': {'message': 'Buzz messages for everyone.', 'author': 'Eve'}
2025-09-18 21:08:07 | INFO | Processed JSON message: {'message': 'Buzz messages for everyone.', 'author': 'Eve'}
2025-09-18 21:08:07 | INFO | Message received from author: Eve
2025-09-18 21:08:07 | INFO | Updated author counts: {'Eve': 63, 'Alice': 92, 'Charlie': 57, 'Diana': 104, 'Bob': 65}
2025-09-18 21:08:07 | INFO | Chart updated successfully for message: {"message": "Buzz messages for everyone.", "author": "Eve"}
2025-09-18 21:08:08 | INFO | Sent message to topic 'smoker_csv': {'timestamp': '2025-09-19T02:08:08.407968', 'temperature': 94.4}
2025-09-18 21:08:08 | INFO | Processed JSON message: {'timestamp': '2025-09-19T02:08:08.407968', 'temperature': 94.4}
2025-09-18 21:08:08 | INFO | {'message': 'I just found a story! It was amazing.', 'author': 'Bob'}
2025-09-18 21:08:09 | INFO | Processed JSON message: {'message': 'I just found a story! It was amazing.', 'author': 'Bob'}
2025-09-18 21:08:09 | INFO | Message received from author: Bob
2025-09-18 21:08:09 | INFO | Updated author counts: {'Alice': 103, 'Bob': 107, 'Charlie': 119, 'Eve': 127}
2025-09-18 21:08:09 | INFO | Chart updated successfully for message: {"message": "I just found a story! It was amazing.", "author": "Bob"}

2025-09-18 21:08:10 | INFO | Sent message to topic 'buzzline_json': {'message': 'JSON makes life easier.', 'author': 'Eve'}
2025-09-18 21:08:10 | INFO | Processed JSON message: {'message': 'JSON makes life easier.', 'author': 'Eve'}
2025-09-18 21:08:10 | INFO | Message received from author: Eve
2025-09-18 21:08:10 | INFO | Updated author counts: {'Eve': 64, 'Alice': 92, 'Charlie': 57, 'Diana': 104, 'Bob': 65}
2025-09-18 21:08:10 | INFO | Chart updated successfully for message: {"message": "JSON makes life easier.", "author": "Eve"}
2025-09-18 21:08:11 | INFO | {'message': 'I just loved a trick! It was funny.', 'author': 'Charlie'}
2025-09-18 21:08:12 | INFO | Processed JSON message: {'message': 'I just loved a trick! It was funny.', 'author': 'Charlie'}
2025-09-18 21:08:12 | INFO | Message received from author: Charlie
2025-09-18 21:08:12 | INFO | Updated author counts: {'Alice': 103, 'Bob': 107, 'Charlie': 120, 'Eve': 127}
2025-09-18 21:08:12 | INFO | Chart updated successfully for message: {"message": "I just loved a trick! It was funny.", "author": "Charlie"}

2025-09-18 21:08:13 | INFO | Sent message to topic 'buzzline_json': {'message': 'Have a great day!', 'author': 'Alice'}
2025-09-18 21:08:13 | INFO | Processed JSON message: {'message': 'Have a great day!', 'author': 'Alice'}
2025-09-18 21:08:13 | INFO | Message received from author: Alice
2025-09-18 21:08:13 | INFO | Updated author counts: {'Eve': 64, 'Alice': 93, 'Charlie': 57, 'Diana': 104, 'Bob': 65}
2025-09-18 21:08:13 | INFO | Sent message to topic 'smoker_csv': {'timestamp': '2025-09-19T02:08:13.409971', 'temperature': 94.8}
2025-09-18 21:08:13 | INFO | Chart updated successfully for message: {"message": "Have a great day!", "author": "Alice"}
2025-09-18 21:08:13 | INFO | Processed JSON message: {'timestamp': '2025-09-19T02:08:13.409971', 'temperature': 94.8}
2025-09-18 21:08:14 | INFO | {'message': 'I just saw a trick! It was boring.', 'author': 'Charlie'}
2025-09-18 21:08:15 | INFO | Processed JSON message: {'message': 'I just saw a trick! It was boring.', 'author': 'Charlie'}
2025-09-18 21:08:15 | INFO | Message received from author: Charlie
2025-09-18 21:08:15 | INFO | Updated author counts: {'Alice': 103, 'Bob': 107, 'Charlie': 121, 'Eve': 127}
2025-09-18 21:08:15 | INFO | Chart updated successfully for message: {"message": "I just saw a trick! It was boring.", "author": "Charlie"}

2025-09-18 21:08:16 | INFO | Sent message to topic 'buzzline_json': {'message': 'I love Python!', 'author': 'Bob'}
2025-09-18 21:08:16 | INFO | Processed JSON message: {'message': 'I love Python!', 'author': 'Bob'}
2025-09-18 21:08:16 | INFO | Message received from author: Bob
2025-09-18 21:08:16 | INFO | Updated author counts: {'Eve': 64, 'Alice': 93, 'Charlie': 57, 'Diana': 104, 'Bob': 66}
2025-09-18 21:08:16 | INFO | Chart updated successfully for message: {"message": "I love Python!", "author": "Bob"}
2025-09-18 21:08:17 | INFO | {'message': 'I just tried a movie! It was funny.', 'author': 'Charlie'}
2025-09-18 21:08:18 | INFO | Processed JSON message: {'message': 'I just tried a movie! It was funny.', 'author': 'Charlie'}
2025-09-18 21:08:18 | INFO | Message received from author: Charlie
2025-09-18 21:08:18 | INFO | Updated author counts: {'Alice': 103, 'Bob': 107, 'Charlie': 122, 'Eve': 127}
2025-09-18 21:08:18 | INFO | Sent message to topic 'smoker_csv': {'timestamp': '2025-09-19T02:08:18.415204', 'temperature': 95.2}
2025-09-18 21:08:18 | INFO | Processed JSON message: {'timestamp': '2025-09-19T02:08:18.415204', 'temperature': 95.2}
2025-09-18 21:08:18 | INFO | Chart updated successfully for message: {"message": "I just tried a movie! It was funny.", "author": "Charlie"}

2025-09-18 21:08:19 | INFO | Sent message to topic 'buzzline_json': {'message': 'I love Python!', 'author': 'Bob'}
2025-09-18 21:08:19 | INFO | Processed JSON message: {'message': 'I love Python!', 'author': 'Bob'}
2025-09-18 21:08:19 | INFO | Message received from author: Bob
2025-09-18 21:08:19 | INFO | Updated author counts: {'Eve': 64, 'Alice': 93, 'Charlie': 57, 'Diana': 104, 'Bob': 67}
2025-09-18 21:08:19 | INFO | Chart updated successfully for message: {"message": "I love Python!", "author": "Bob"}
2025-09-18 21:08:20 | INFO | {'message': 'I just loved a movie! It was boring.', 'author': 'Eve'}
2025-09-18 21:08:21 | INFO | Processed JSON message: {'message': 'I just loved a movie! It was boring.', 'author': 'Eve'}
2025-09-18 21:08:21 | INFO | Message received from author: Eve
2025-09-18 21:08:21 | INFO | Updated author counts: {'Alice': 103, 'Bob': 107, 'Charlie': 122, 'Eve': 128}
2025-09-18 21:08:21 | INFO | Chart updated successfully for message: {"message": "I just loved a movie! It was boring.", "author": "Eve"}

2025-09-18 21:08:22 | INFO | Sent message to topic 'buzzline_json': {'message': 'This is a buzz message.', 'author': 'Eve'}
2025-09-18 21:08:22 | INFO | Processed JSON message: {'message': 'This is a buzz message.', 'author': 'Eve'}
2025-09-18 21:08:22 | INFO | Message received from author: Eve
2025-09-18 21:08:22 | INFO | Updated author counts: {'Eve': 65, 'Alice': 93, 'Charlie': 57, 'Diana': 104, 'Bob': 67}
2025-09-18 21:08:22 | INFO | Chart updated successfully for message: {"message": "This is a buzz message.", "author": "Eve"}
2025-09-18 21:08:23 | INFO | Sent message to topic 'smoker_csv': {'timestamp': '2025-09-19T02:08:23.416460', 'temperature': 95.6}
2025-09-18 21:08:23 | INFO | Processed JSON message: {'timestamp': '2025-09-19T02:08:23.416460', 'temperature': 95.6}
2025-09-18 21:08:23 | INFO | {'message': 'I just found a trick! It was exciting.', 'author': 'Eve'}
2025-09-18 21:08:24 | INFO | Processed JSON message: {'message': 'I just found a trick! It was exciting.', 'author': 'Eve'}
2025-09-18 21:08:24 | INFO | Message received from author: Eve
2025-09-18 21:08:24 | INFO | Updated author counts: {'Alice': 103, 'Bob': 107, 'Charlie': 122, 'Eve': 129}
2025-09-18 21:08:24 | INFO | Chart updated successfully for message: {"message": "I just found a trick! It was exciting.", "author": "Eve"}

2025-09-18 21:08:25 | INFO | Sent message to topic 'buzzline_json': {'message': 'This is a buzz message.', 'author': 'Alice'}
2025-09-18 21:08:25 | INFO | Processed JSON message: {'message': 'This is a buzz message.', 'author': 'Alice'}
2025-09-18 21:08:25 | INFO | Message received from author: Alice
2025-09-18 21:08:25 | INFO | Updated author counts: {'Eve': 65, 'Alice': 94, 'Charlie': 57, 'Diana': 104, 'Bob': 67}
2025-09-18 21:08:25 | INFO | Chart updated successfully for message: {"message": "This is a buzz message.", "author": "Alice"}
2025-09-18 21:08:26 | INFO | {'message': 'I just saw a meme! It was exciting.', 'author': 'Bob'}
2025-09-18 21:08:27 | INFO | Processed JSON message: {'message': 'I just saw a meme! It was exciting.', 'author': 'Bob'}
2025-09-18 21:08:27 | INFO | Message received from author: Bob
2025-09-18 21:08:27 | INFO | Updated author counts: {'Alice': 103, 'Bob': 108, 'Charlie': 122, 'Eve': 129}
2025-09-18 21:08:27 | INFO | Chart updated successfully for message: {"message": "I just saw a meme! It was exciting.", "author": "Bob"}

2025-09-18 21:08:28 | INFO | Sent message to topic 'buzzline_json': {'message': 'Distributed systems are fascinating.', 'author': 'Diana'}
2025-09-18 21:08:28 | INFO | Processed JSON message: {'message': 'Distributed systems are fascinating.', 'author': 'Diana'}
2025-09-18 21:08:28 | INFO | Message received from author: Diana
2025-09-18 21:08:28 | INFO | Updated author counts: {'Eve': 65, 'Alice': 94, 'Charlie': 57, 'Diana': 105, 'Bob': 67}
2025-09-18 21:08:28 | INFO | Sent message to topic 'smoker_csv': {'timestamp': '2025-09-19T02:08:28.418648', 'temperature': 96.0}
2025-09-18 21:08:28 | INFO | Chart updated successfully for message: {"message": "Distributed systems are fascinating.", "author": "Diana"}
2025-09-18 21:08:28 | INFO | Processed JSON message: {'timestamp': '2025-09-19T02:08:28.418648', 'temperature': 96.0}
2025-09-18 21:08:30 | INFO | {'message': 'I just loved a story! It was boring.', 'author': 'Bob'}
2025-09-18 21:08:30 | INFO | Processed JSON message: {'message': 'I just loved a story! It was boring.', 'author': 'Bob'}
2025-09-18 21:08:30 | INFO | Message received from author: Bob
2025-09-18 21:08:30 | INFO | Updated author counts: {'Alice': 103, 'Bob': 109, 'Charlie': 122, 'Eve': 129}
2025-09-18 21:08:30 | INFO | Chart updated successfully for message: {"message": "I just loved a story! It was boring.", "author": "Bob"}

2025-09-18 21:08:31 | INFO | Sent message to topic 'buzzline_json': {'message': 'Streaming data is fun.', 'author': 'Eve'}
2025-09-18 21:08:31 | INFO | Processed JSON message: {'message': 'Streaming data is fun.', 'author': 'Eve'}
2025-09-18 21:08:31 | INFO | Message received from author: Eve
2025-09-18 21:08:31 | INFO | Updated author counts: {'Eve': 66, 'Alice': 94, 'Charlie': 57, 'Diana': 105, 'Bob': 67}
2025-09-18 21:08:31 | INFO | Chart updated successfully for message: {"message": "Streaming data is fun.", "author": "Eve"}
2025-09-18 21:08:33 | INFO | {'message': 'I just tried an app! It was funny.', 'author': 'Bob'}
2025-09-18 21:08:33 | INFO | Processed JSON message: {'message': 'I just tried an app! It was funny.', 'author': 'Bob'}
2025-09-18 21:08:33 | INFO | Message received from author: Bob
2025-09-18 21:08:33 | INFO | Updated author counts: {'Alice': 103, 'Bob': 110, 'Charlie': 122, 'Eve': 129}
2025-09-18 21:08:33 | INFO | Chart updated successfully for message: {"message": "I just tried an app! It was funny.", "author": "Bob"}

2025-09-18 21:08:33 | INFO | Sent message to topic 'smoker_csv': {'timestamp': '2025-09-19T02:08:33.423102', 'temperature': 96.4}
2025-09-18 21:08:33 | INFO | Processed JSON message: {'timestamp': '2025-09-19T02:08:33.423102', 'temperature': 96.4}
2025-09-18 21:08:34 | INFO | Sent message to topic 'buzzline_json': {'message': 'Have a great day!', 'author': 'Charlie'}
2025-09-18 21:08:34 | INFO | Processed JSON message: {'message': 'Have a great day!', 'author': 'Charlie'}
2025-09-18 21:08:34 | INFO | Message received from author: Charlie
2025-09-18 21:08:34 | INFO | Updated author counts: {'Eve': 66, 'Alice': 94, 'Charlie': 58, 'Diana': 105, 'Bob': 67}
2025-09-18 21:08:34 | INFO | Chart updated successfully for message: {"message": "Have a great day!", "author": "Charlie"}
2025-09-18 21:08:36 | INFO | {'message': 'I just shared a trick! It was exciting.', 'author': 'Bob'}
2025-09-18 21:08:36 | INFO | Processed JSON message: {'message': 'I just shared a trick! It was exciting.', 'author': 'Bob'}
2025-09-18 21:08:36 | INFO | Message received from author: Bob
2025-09-18 21:08:36 | INFO | Updated author counts: {'Alice': 103, 'Bob': 111, 'Charlie': 122, 'Eve': 129}
2025-09-18 21:08:36 | INFO | Chart updated successfully for message: {"message": "I just shared a trick! It was exciting.", "author": "Bob"}

2025-09-18 21:08:37 | INFO | Sent message to topic 'buzzline_json': {'message': 'JSON makes life easier.', 'author': 'Eve'}
2025-09-18 21:08:37 | INFO | Processed JSON message: {'message': 'JSON makes life easier.', 'author': 'Eve'}
2025-09-18 21:08:37 | INFO | Message received from author: Eve
2025-09-18 21:08:37 | INFO | Updated author counts: {'Eve': 67, 'Alice': 94, 'Charlie': 58, 'Diana': 105, 'Bob': 67}
2025-09-18 21:08:37 | INFO | Chart updated successfully for message: {"message": "JSON makes life easier.", "author": "Eve"}
2025-09-18 21:08:38 | INFO | Sent message to topic 'smoker_csv': {'timestamp': '2025-09-19T02:08:38.425510', 'temperature': 96.8}
2025-09-18 21:08:38 | INFO | Processed JSON message: {'timestamp': '2025-09-19T02:08:38.425510', 'temperature': 96.8}
2025-09-18 21:08:39 | INFO | {'message': 'I just saw a meme! It was exciting.', 'author': 'Alice'}
2025-09-18 21:08:39 | INFO | Processed JSON message: {'message': 'I just saw a meme! It was exciting.', 'author': 'Alice'}
2025-09-18 21:08:39 | INFO | Message received from author: Alice
2025-09-18 21:08:39 | INFO | Updated author counts: {'Alice': 104, 'Bob': 111, 'Charlie': 122, 'Eve': 129}
2025-09-18 21:08:39 | INFO | Chart updated successfully for message: {"message": "I just saw a meme! It was exciting.", "author": "Alice"}

2025-09-18 21:08:40 | INFO | Sent message to topic 'buzzline_json': {'message': 'Buzz messages for everyone.', 'author': 'Diana'}
2025-09-18 21:08:40 | INFO | Processed JSON message: {'message': 'Buzz messages for everyone.', 'author': 'Diana'}
2025-09-18 21:08:40 | INFO | Message received from author: Diana
2025-09-18 21:08:40 | INFO | Updated author counts: {'Eve': 67, 'Alice': 94, 'Charlie': 58, 'Diana': 106, 'Bob': 67}
2025-09-18 21:08:40 | INFO | Chart updated successfully for message: {"message": "Buzz messages for everyone.", "author": "Diana"}
2025-09-18 21:08:42 | INFO | {'message': 'I just shared a movie! It was boring.', 'author': 'Alice'}
2025-09-18 21:08:42 | INFO | Processed JSON message: {'message': 'I just shared a movie! It was boring.', 'author': 'Alice'}
2025-09-18 21:08:42 | INFO | Message received from author: Alice
2025-09-18 21:08:42 | INFO | Updated author counts: {'Alice': 105, 'Bob': 111, 'Charlie': 122, 'Eve': 129}
2025-09-18 21:08:42 | INFO | Chart updated successfully for message: {"message": "I just shared a movie! It was boring.", "author": "Alice"}

2025-09-18 21:08:43 | INFO | Sent message to topic 'buzzline_json': {'message': 'This is a buzz message.', 'author': 'Charlie'}
2025-09-18 21:08:43 | INFO | Processed JSON message: {'message': 'This is a buzz message.', 'author': 'Charlie'}
2025-09-18 21:08:43 | INFO | Message received from author: Charlie
2025-09-18 21:08:43 | INFO | Updated author counts: {'Eve': 67, 'Alice': 94, 'Charlie': 59, 'Diana': 106, 'Bob': 67}
2025-09-18 21:08:43 | INFO | Chart updated successfully for message: {"message": "This is a buzz message.", "author": "Charlie"}
2025-09-18 21:08:43 | INFO | Sent message to topic 'smoker_csv': {'timestamp': '2025-09-19T02:08:43.427476', 'temperature': 97.2}
2025-09-18 21:08:43 | INFO | Processed JSON message: {'timestamp': '2025-09-19T02:08:43.427476', 'temperature': 97.2}
2025-09-18 21:08:45 | INFO | {'message': 'I just loved a trick! It was weird.', 'author': 'Eve'}
2025-09-18 21:08:45 | INFO | Processed JSON message: {'message': 'I just loved a trick! It was weird.', 'author': 'Eve'}
2025-09-18 21:08:45 | INFO | Message received from author: Eve
2025-09-18 21:08:45 | INFO | Updated author counts: {'Alice': 105, 'Bob': 111, 'Charlie': 122, 'Eve': 130}
2025-09-18 21:08:45 | INFO | Chart updated successfully for message: {"message": "I just loved a trick! It was weird.", "author": "Eve"}

