2025-09-18 21:08:48 | INFO | Message received from author: Alice
2025-09-18 21:08:48 | INFO | Updated author counts: {'Alice': 106, 'Bob': 111, 'Charlie': 122, 'Eve': 130}
2025-09-18 21:08:48 | INFO | Chart updated successfully for message: {"message": "I just found a story! It was weird.", "author": "Alice"}

2025-09-18 21:08:49 | INFO | Sent message to topic 'buzzline_json': {'message': 'Buzz messages for everyone.', 'author': 'Bob'}
2025-09-18 21:08:49 | INFO | Processed JSON message: {'message': 'Buzz messages for everyone.', 'author': 'Bob'}
2025-09-18 21:08:49 | INFO | Message received from author: Bob
2025-09-18 21:08:49 | INFO | Updated author counts: {'Eve': 67, 'Alice': 94, 'Charlie': 60, 'Diana': 106, 'Bob': 68}
2025-09-18 21:08:49 | INFO | Chart updated successfully for message: {"message": "Buzz messages for everyone.", "author": "Bob"}
2025-09-18 21:08:51 | INFO | {'message': 'I just tried a story! It was weird.', 'author': 'Charlie'}
2025-09-18 21:08:51 | INFO | Processed JSON message: {'message': 'I just tried a story! It was weird.', 'author': 'Charlie'}
2025-09-18 21:08:51 | INFO | Message received from author: Charlie
2025-09-18 21:08:51 | INFO | Updated author counts: {'Alice': 106, 'Bob': 111, 'Charlie': 123, 'Eve': 130}
2025-09-18 21:08:51 | INFO | Chart updated successfully for message: {"message": "I just tried a story! It was weird.", "author": "Charlie"}

2025-09-18 21:08:52 | WARNING | Producer interrupted by user.
2025-09-18 21:08:52 | INFO | Producer shutting down.
2025-09-18 21:08:52 | INFO | Sent message to topic 'buzzline_json': {'message': 'This is a buzz message.', 'author': 'Eve'}
2025-09-18 21:08:52 | INFO | Processed JSON message: {'message': 'This is a buzz message.', 'author': 'Eve'}
2025-09-18 21:08:52 | INFO | Message received from author: Eve
2025-09-18 21:08:52 | INFO | Updated author counts: {'Eve': 68, 'Alice': 94, 'Charlie': 60, 'Diana': 106, 'Bob': 68}
2025-09-18 21:08:52 | INFO | Chart updated successfully for message: {"message": "This is a buzz message.", "author": "Eve"}
2025-09-18 21:08:53 | INFO | Sent message to topic 'smoker_csv': {'timestamp': '2025-09-19T02:08:53.432183', 'temperature': 98.0}
2025-09-18 21:08:53 | INFO | Processed JSON message: {'timestamp': '2025-09-19T02:08:53.432183', 'temperature': 98.0}
2025-09-18 21:08:55 | INFO | Sent message to topic 'buzzline_json': {'message': 'Data engineering is my passion.', 'author': 'Diana'}
2025-09-18 21:08:55 | INFO | Processed JSON message: {'message': 'Data engineering is my passion.', 'author': 'Diana'}
2025-09-18 21:08:55 | INFO | Message received from author: Diana
2025-09-18 21:08:55 | INFO | Updated author counts: {'Eve': 68, 'Alice': 94, 'Charlie': 60, 'Diana': 107, 'Bob': 68}
2025-09-18 21:08:55 | INFO | Chart updated successfully for message: {"message": "Data engineering is my passion.", "author": "Diana"}
2025-09-18 21:08:56 | INFO | Consumer interrupted by user.
2025-09-18 21:08:58 | WARNING | Producer interrupted by user.
2025-09-18 21:08:58 | INFO | Kafka producer closed.
2025-09-18 21:08:58 | INFO | END producer.
2025-09-18 21:08:58 | INFO | Sent message to topic 'smoker_csv': {'timestamp': '2025-09-19T02:08:58.434559', 'temperature': 98.4}
2025-09-18 21:08:58 | INFO | Processed JSON message: {'timestamp': '2025-09-19T02:08:58.434559', 'temperature': 98.4}
2025-09-18 21:09:00 | WARNING | Consumer interrupted by user.
2025-09-18 21:09:00 | INFO | Kafka consumer for topic 'buzzline_json' closed.
2025-09-18 21:09:00 | INFO | END consumer for topic 'buzzline_json' and group 'buzz_group'.
2025-09-18 21:09:03 | WARNING | Producer interrupted by user.
2025-09-18 21:09:03 | INFO | Kafka producer closed.
2025-09-18 21:09:03 | INFO | END producer.
2025-09-18 21:09:06 | WARNING | Consumer interrupted by user.
2025-09-18 21:09:06 | INFO | Kafka consumer for topic 'smoker_csv' closed.
2025-09-20 14:14:25 | INFO | Consumer closed.
2025-09-20 15:34:09 | INFO | Logging to file: logs/project_log.log
2025-09-20 15:34:09 | INFO | Log sanitization enabled, personal info removed
2025-09-20 15:34:09 | INFO | START producer...
2025-09-20 15:34:09 | INFO | Kafka producer connected to localhost:9092
2025-09-20 15:34:09 | INFO | {'message': 'I just tried game! It was funny.', 'author': 'Eve', 'timestamp': '2025-09-20 15:34:09', 'category': 'gaming', 'sentiment': 0.61, 'keyword_mentioned': 'game', 'message_length': 32}
2025-09-20 15:34:09 | INFO | Sent message to Kafka topic 'project_json': {'message': 'I just tried game! It was funny.', 'author': 'Eve', 'timestamp': '2025-09-20 15:34:09', 'category': 'gaming', 'sentiment': 0.61, 'keyword_mentioned': 'game', 'message_length': 32}
2025-09-20 15:34:14 | INFO | {'message': 'I just tried an app! It was exciting.', 'author': 'Alice', 'timestamp': '2025-09-20 15:34:14', 'category': 'other', 'sentiment': 0.07, 'keyword_mentioned': 'other', 'message_length': 37}
2025-09-20 15:34:14 | INFO | Sent message to Kafka topic 'project_json': {'message': 'I just tried an app! It was exciting.', 'author': 'Alice', 'timestamp': '2025-09-20 15:34:14', 'category': 'other', 'sentiment': 0.07, 'keyword_mentioned': 'other', 'message_length': 37}
2025-09-20 15:34:19 | INFO | {'message': 'I just found a movie! It was amazing.', 'author': 'Charlie', 'timestamp': '2025-09-20 15:34:19', 'category': 'entertainment', 'sentiment': 0.85, 'keyword_mentioned': 'movie', 'message_length': 37}
2025-09-20 15:34:19 | INFO | Sent message to Kafka topic 'project_json': {'message': 'I just found a movie! It was amazing.', 'author': 'Charlie', 'timestamp': '2025-09-20 15:34:19', 'category': 'entertainment', 'sentiment': 0.85, 'keyword_mentioned': 'movie', 'message_length': 37}
2025-09-20 15:34:24 | INFO | {'message': 'I just loved a meme! It was amazing.', 'author': 'Bob', 'timestamp': '2025-09-20 15:34:24', 'category': 'humor', 'sentiment': 0.05, 'keyword_mentioned': 'meme', 'message_length': 36}
2025-09-20 15:34:24 | INFO | Sent message to Kafka topic 'project_json': {'message': 'I just loved a meme! It was amazing.', 'author': 'Bob', 'timestamp': '2025-09-20 15:34:24', 'category': 'humor', 'sentiment': 0.05, 'keyword_mentioned': 'meme', 'message_length': 36}
2025-09-20 15:34:29 | INFO | {'message': 'I just found a meme! It was funny.', 'author': 'Eve', 'timestamp': '2025-09-20 15:34:29', 'category': 'humor', 'sentiment': 0.57, 'keyword_mentioned': 'meme', 'message_length': 34}
2025-09-20 15:34:29 | INFO | Sent message to Kafka topic 'project_json': {'message': 'I just found a meme! It was funny.', 'author': 'Eve', 'timestamp': '2025-09-20 15:34:29', 'category': 'humor', 'sentiment': 0.57, 'keyword_mentioned': 'meme', 'message_length': 34}
2025-09-20 15:34:34 | INFO | {'message': 'I just loved an app! It was weird.', 'author': 'Alice', 'timestamp': '2025-09-20 15:34:34', 'category': 'other', 'sentiment': 0.6, 'keyword_mentioned': 'other', 'message_length': 34}
2025-09-20 15:34:34 | INFO | Sent message to Kafka topic 'project_json': {'message': 'I just loved an app! It was weird.', 'author': 'Alice', 'timestamp': '2025-09-20 15:34:34', 'category': 'other', 'sentiment': 0.6, 'keyword_mentioned': 'other', 'message_length': 34}
2025-09-20 15:34:39 | INFO | {'message': 'I just saw a trick! It was boring.', 'author': 'Eve', 'timestamp': '2025-09-20 15:34:39', 'category': 'other', 'sentiment': 0.36, 'keyword_mentioned': 'other', 'message_length': 34}
2025-09-20 15:34:39 | INFO | Sent message to Kafka topic 'project_json': {'message': 'I just saw a trick! It was boring.', 'author': 'Eve', 'timestamp': '2025-09-20 15:34:39', 'category': 'other', 'sentiment': 0.36, 'keyword_mentioned': 'other', 'message_length': 34}
2025-09-20 15:34:44 | INFO | {'message': 'I just saw an app! It was exciting.', 'author': 'Bob', 'timestamp': '2025-09-20 15:34:44', 'category': 'other', 'sentiment': 0.94, 'keyword_mentioned': 'other', 'message_length': 35}
2025-09-20 15:34:44 | INFO | Sent message to Kafka topic 'project_json': {'message': 'I just saw an app! It was exciting.', 'author': 'Bob', 'timestamp': '2025-09-20 15:34:44', 'category': 'other', 'sentiment': 0.94, 'keyword_mentioned': 'other', 'message_length': 35}
2025-09-20 15:34:49 | INFO | {'message': 'I just loved game! It was funny.', 'author': 'Bob', 'timestamp': '2025-09-20 15:34:49', 'category': 'gaming', 'sentiment': 0.46, 'keyword_mentioned': 'game', 'message_length': 32}
2025-09-20 15:34:49 | INFO | Sent message to Kafka topic 'project_json': {'message': 'I just loved game! It was funny.', 'author': 'Bob', 'timestamp': '2025-09-20 15:34:49', 'category': 'gaming', 'sentiment': 0.46, 'keyword_mentioned': 'game', 'message_length': 32}
2025-09-20 15:34:54 | INFO | {'message': 'I just tried a movie! It was funny.', 'author': 'Eve', 'timestamp': '2025-09-20 15:34:54', 'category': 'entertainment', 'sentiment': 0.44, 'keyword_mentioned': 'movie', 'message_length': 35}
2025-09-20 15:34:54 | INFO | Sent message to Kafka topic 'project_json': {'message': 'I just tried a movie! It was funny.', 'author': 'Eve', 'timestamp': '2025-09-20 15:34:54', 'category': 'entertainment', 'sentiment': 0.44, 'keyword_mentioned': 'movie', 'message_length': 35}
2025-09-20 15:34:59 | INFO | {'message': 'I just shared a movie! It was amazing.', 'author': 'Eve', 'timestamp': '2025-09-20 15:34:59', 'category': 'entertainment', 'sentiment': 0.1, 'keyword_mentioned': 'movie', 'message_length': 38}
2025-09-20 15:34:59 | INFO | Sent message to Kafka topic 'project_json': {'message': 'I just shared a movie! It was amazing.', 'author': 'Eve', 'timestamp': '2025-09-20 15:34:59', 'category': 'entertainment', 'sentiment': 0.1, 'keyword_mentioned': 'movie', 'message_length': 38}
2025-09-20 15:35:04 | INFO | {'message': 'I just found game! It was amazing.', 'author': 'Bob', 'timestamp': '2025-09-20 15:35:04', 'category': 'gaming', 'sentiment': 0.46, 'keyword_mentioned': 'game', 'message_length': 34}
2025-09-20 15:35:04 | INFO | Sent message to Kafka topic 'project_json': {'message': 'I just found game! It was amazing.', 'author': 'Bob', 'timestamp': '2025-09-20 15:35:04', 'category': 'gaming', 'sentiment': 0.46, 'keyword_mentioned': 'game', 'message_length': 34}
2025-09-20 15:35:09 | INFO | {'message': 'I just saw a story! It was amazing.', 'author': 'Bob', 'timestamp': '2025-09-20 15:35:09', 'category': 'other', 'sentiment': 0.89, 'keyword_mentioned': 'other', 'message_length': 35}
2025-09-20 15:35:09 | INFO | Sent message to Kafka topic 'project_json': {'message': 'I just saw a story! It was amazing.', 'author': 'Bob', 'timestamp': '2025-09-20 15:35:09', 'category': 'other', 'sentiment': 0.89, 'keyword_mentioned': 'other', 'message_length': 35}
2025-09-20 15:35:14 | INFO | {'message': 'I just saw a story! It was weird.', 'author': 'Charlie', 'timestamp': '2025-09-20 15:35:14', 'category': 'other', 'sentiment': 0.1, 'keyword_mentioned': 'other', 'message_length': 33}
2025-09-20 15:35:14 | INFO | Sent message to Kafka topic 'project_json': {'message': 'I just saw a story! It was weird.', 'author': 'Charlie', 'timestamp': '2025-09-20 15:35:14', 'category': 'other', 'sentiment': 0.1, 'keyword_mentioned': 'other', 'message_length': 33}
2025-09-20 15:35:19 | WARNING | Producer interrupted by user.
2025-09-20 15:35:19 | INFO | Kafka producer closed.
2025-09-20 15:35:19 | INFO | Producer shutting down.
2025-09-20 21:29:42 | INFO | Logging to file: logs/project_log.log
2025-09-20 21:29:42 | INFO | Log sanitization enabled, personal info removed
2025-09-20 21:29:42 | INFO | START producer...
2025-09-20 21:29:42 | INFO | Kafka producer connected to localhost:9092
2025-09-20 21:29:42 | INFO | {'message': 'I just saw a trick! It was exciting.', 'author': 'Alice', 'timestamp': '2025-09-20 21:29:42', 'category': 'other', 'sentiment': 0.32, 'keyword_mentioned': 'other', 'message_length': 36}
2025-09-20 21:29:42 | INFO | Sent message to Kafka topic 'project_json': {'message': 'I just saw a trick! It was exciting.', 'author': 'Alice', 'timestamp': '2025-09-20 21:29:42', 'category': 'other', 'sentiment': 0.32, 'keyword_mentioned': 'other', 'message_length': 36}
2025-09-20 21:29:47 | INFO | {'message': 'I just found travel! It was weird.', 'author': 'Bob', 'timestamp': '2025-09-20 21:29:47', 'category': 'travel', 'sentiment': 0.78, 'keyword_mentioned': 'travel', 'message_length': 34}
2025-09-20 21:29:47 | INFO | Sent message to Kafka topic 'project_json': {'message': 'I just found travel! It was weird.', 'author': 'Bob', 'timestamp': '2025-09-20 21:29:47', 'category': 'travel', 'sentiment': 0.78, 'keyword_mentioned': 'travel', 'message_length': 34}
2025-09-20 21:29:52 | INFO | {'message': 'I just found travel! It was weird.', 'author': 'Charlie', 'timestamp': '2025-09-20 21:29:52', 'category': 'travel', 'sentiment': 0.18, 'keyword_mentioned': 'travel', 'message_length': 34}
2025-09-20 21:29:52 | INFO | Sent message to Kafka topic 'project_json': {'message': 'I just found travel! It was weird.', 'author': 'Charlie', 'timestamp': '2025-09-20 21:29:52', 'category': 'travel', 'sentiment': 0.18, 'keyword_mentioned': 'travel', 'message_length': 34}
2025-09-20 21:29:57 | INFO | {'message': 'I just found travel! It was weird.', 'author': 'Alice', 'timestamp': '2025-09-20 21:29:57', 'category': 'travel', 'sentiment': 0.24, 'keyword_mentioned': 'travel', 'message_length': 34}
2025-09-20 21:29:57 | INFO | Sent message to Kafka topic 'project_json': {'message': 'I just found travel! It was weird.', 'author': 'Alice', 'timestamp': '2025-09-20 21:29:57', 'category': 'travel', 'sentiment': 0.24, 'keyword_mentioned': 'travel', 'message_length': 34}
2025-09-20 21:30:02 | INFO | {'message': 'I just found a movie! It was amazing.', 'author': 'Bob', 'timestamp': '2025-09-20 21:30:02', 'category': 'entertainment', 'sentiment': 0.05, 'keyword_mentioned': 'movie', 'message_length': 37}
2025-09-20 21:30:02 | INFO | Sent message to Kafka topic 'project_json': {'message': 'I just found a movie! It was amazing.', 'author': 'Bob', 'timestamp': '2025-09-20 21:30:02', 'category': 'entertainment', 'sentiment': 0.05, 'keyword_mentioned': 'movie', 'message_length': 37}
2025-09-20 21:30:07 | INFO | {'message': 'I just shared recipe! It was funny.', 'author': 'Bob', 'timestamp': '2025-09-20 21:30:07', 'category': 'food', 'sentiment': 0.48, 'keyword_mentioned': 'recipe', 'message_length': 35}
2025-09-20 21:30:07 | INFO | Sent message to Kafka topic 'project_json': {'message': 'I just shared recipe! It was funny.', 'author': 'Bob', 'timestamp': '2025-09-20 21:30:07', 'category': 'food', 'sentiment': 0.48, 'keyword_mentioned': 'recipe', 'message_length': 35}
2025-09-20 21:30:12 | INFO | {'message': 'I just tried a meme! It was funny.', 'author': 'Charlie', 'timestamp': '2025-09-20 21:30:12', 'category': 'humor', 'sentiment': 0.6, 'keyword_mentioned': 'meme', 'message_length': 34}
2025-09-20 21:30:12 | INFO | Sent message to Kafka topic 'project_json': {'message': 'I just tried a meme! It was funny.', 'author': 'Charlie', 'timestamp': '2025-09-20 21:30:12', 'category': 'humor', 'sentiment': 0.6, 'keyword_mentioned': 'meme', 'message_length': 34}
2025-09-20 21:30:17 | INFO | {'message': 'I just found game! It was amazing.', 'author': 'Charlie', 'timestamp': '2025-09-20 21:30:17', 'category': 'gaming', 'sentiment': 0.3, 'keyword_mentioned': 'game', 'message_length': 34}
2025-09-20 21:30:17 | INFO | Sent message to Kafka topic 'project_json': {'message': 'I just found game! It was amazing.', 'author': 'Charlie', 'timestamp': '2025-09-20 21:30:17', 'category': 'gaming', 'sentiment': 0.3, 'keyword_mentioned': 'game', 'message_length': 34}
2025-09-20 21:30:22 | INFO | {'message': 'I just tried an app! It was amazing.', 'author': 'Alice', 'timestamp': '2025-09-20 21:30:22', 'category': 'other', 'sentiment': 0.46, 'keyword_mentioned': 'other', 'message_length': 36}
2025-09-20 21:30:22 | INFO | Sent message to Kafka topic 'project_json': {'message': 'I just tried an app! It was amazing.', 'author': 'Alice', 'timestamp': '2025-09-20 21:30:22', 'category': 'other', 'sentiment': 0.46, 'keyword_mentioned': 'other', 'message_length': 36}
2025-09-20 21:30:27 | INFO | {'message': 'I just shared a trick! It was amazing.', 'author': 'Alice', 'timestamp': '2025-09-20 21:30:27', 'category': 'other', 'sentiment': 0.89, 'keyword_mentioned': 'other', 'message_length': 38}
2025-09-20 21:30:27 | INFO | Sent message to Kafka topic 'project_json': {'message': 'I just shared a trick! It was amazing.', 'author': 'Alice', 'timestamp': '2025-09-20 21:30:27', 'category': 'other', 'sentiment': 0.89, 'keyword_mentioned': 'other', 'message_length': 38}
2025-09-20 21:30:32 | INFO | {'message': 'I just saw travel! It was boring.', 'author': 'Alice', 'timestamp': '2025-09-20 21:30:32', 'category': 'travel', 'sentiment': 0.8, 'keyword_mentioned': 'travel', 'message_length': 33}
2025-09-20 21:30:32 | INFO | Sent message to Kafka topic 'project_json': {'message': 'I just saw travel! It was boring.', 'author': 'Alice', 'timestamp': '2025-09-20 21:30:32', 'category': 'travel', 'sentiment': 0.8, 'keyword_mentioned': 'travel', 'message_length': 33}
2025-09-20 21:30:34 | INFO | Logging to file: logs/project_log.log
2025-09-20 21:30:34 | INFO | Log sanitization enabled, personal info removed
2025-09-20 21:30:35 | INFO | START consumer.
2025-09-20 21:30:35 | INFO | Kafka topic: buzzline_json
2025-09-20 21:30:35 | INFO | Kafka consumer group id: buzz_group
2025-09-20 21:30:35 | INFO | Consumer: Topic 'buzzline_json' and group 'buzz_group'...
2025-09-20 21:30:35 | INFO | Kafka broker address: localhost:9092
2025-09-20 21:30:35 | INFO | Creating Kafka consumer. Topic='buzzline_json' and group ID='buzz_group'.
2025-09-20 21:30:35 | INFO | Kafka consumer created successfully.
2025-09-20 21:30:35 | INFO | Polling messages from topic 'buzzline_json'...
2025-09-20 21:30:37 | INFO | {'message': 'I just tried a trick! It was exciting.', 'author': 'Eve', 'timestamp': '2025-09-20 21:30:37', 'category': 'other', 'sentiment': 0.13, 'keyword_mentioned': 'other', 'message_length': 38}
2025-09-20 21:30:37 | INFO | Sent message to Kafka topic 'project_json': {'message': 'I just tried a trick! It was exciting.', 'author': 'Eve', 'timestamp': '2025-09-20 21:30:37', 'category': 'other', 'sentiment': 0.13, 'keyword_mentioned': 'other', 'message_length': 38}
2025-09-20 21:30:42 | INFO | {'message': 'I just shared travel! It was boring.', 'author': 'Eve', 'timestamp': '2025-09-20 21:30:42', 'category': 'travel', 'sentiment': 0.35, 'keyword_mentioned': 'travel', 'message_length': 36}
2025-09-20 21:30:42 | INFO | Sent message to Kafka topic 'project_json': {'message': 'I just shared travel! It was boring.', 'author': 'Eve', 'timestamp': '2025-09-20 21:30:42', 'category': 'travel', 'sentiment': 0.35, 'keyword_mentioned': 'travel', 'message_length': 36}
2025-09-20 21:30:47 | INFO | {'message': 'I just shared a movie! It was exciting.', 'author': 'Eve', 'timestamp': '2025-09-20 21:30:47', 'category': 'entertainment', 'sentiment': 0.37, 'keyword_mentioned': 'movie', 'message_length': 39}
2025-09-20 21:30:47 | INFO | Sent message to Kafka topic 'project_json': {'message': 'I just shared a movie! It was exciting.', 'author': 'Eve', 'timestamp': '2025-09-20 21:30:47', 'category': 'entertainment', 'sentiment': 0.37, 'keyword_mentioned': 'movie', 'message_length': 39}
2025-09-20 21:30:52 | INFO | {'message': 'I just loved an app! It was amazing.', 'author': 'Charlie', 'timestamp': '2025-09-20 21:30:52', 'category': 'other', 'sentiment': 0.34, 'keyword_mentioned': 'other', 'message_length': 36}
2025-09-20 21:30:52 | INFO | Sent message to Kafka topic 'project_json': {'message': 'I just loved an app! It was amazing.', 'author': 'Charlie', 'timestamp': '2025-09-20 21:30:52', 'category': 'other', 'sentiment': 0.34, 'keyword_mentioned': 'other', 'message_length': 36}
2025-09-20 21:30:57 | INFO | {'message': 'I just tried JavaScript! It was weird.', 'author': 'Bob', 'timestamp': '2025-09-20 21:30:57', 'category': 'tech', 'sentiment': 0.21, 'keyword_mentioned': 'JavaScript', 'message_length': 38}
2025-09-20 21:30:57 | INFO | Sent message to Kafka topic 'project_json': {'message': 'I just tried JavaScript! It was weird.', 'author': 'Bob', 'timestamp': '2025-09-20 21:30:57', 'category': 'tech', 'sentiment': 0.21, 'keyword_mentioned': 'JavaScript', 'message_length': 38}
2025-09-20 21:31:02 | INFO | {'message': 'I just tried an app! It was exciting.', 'author': 'Charlie', 'timestamp': '2025-09-20 21:31:02', 'category': 'other', 'sentiment': 0.63, 'keyword_mentioned': 'other', 'message_length': 37}
2025-09-20 21:31:02 | INFO | Sent message to Kafka topic 'project_json': {'message': 'I just tried an app! It was exciting.', 'author': 'Charlie', 'timestamp': '2025-09-20 21:31:02', 'category': 'other', 'sentiment': 0.63, 'keyword_mentioned': 'other', 'message_length': 37}
2025-09-20 21:31:07 | INFO | {'message': 'I just found a meme! It was boring.', 'author': 'Bob', 'timestamp': '2025-09-20 21:31:07', 'category': 'humor', 'sentiment': 0.35, 'keyword_mentioned': 'meme', 'message_length': 35}
2025-09-20 21:31:07 | INFO | Sent message to Kafka topic 'project_json': {'message': 'I just found a meme! It was boring.', 'author': 'Bob', 'timestamp': '2025-09-20 21:31:07', 'category': 'humor', 'sentiment': 0.35, 'keyword_mentioned': 'meme', 'message_length': 35}
2025-09-20 21:31:12 | INFO | {'message': 'I just loved an app! It was amazing.', 'author': 'Eve', 'timestamp': '2025-09-20 21:31:12', 'category': 'other', 'sentiment': 0.1, 'keyword_mentioned': 'other', 'message_length': 36}
2025-09-20 21:31:12 | INFO | Sent message to Kafka topic 'project_json': {'message': 'I just loved an app! It was amazing.', 'author': 'Eve', 'timestamp': '2025-09-20 21:31:12', 'category': 'other', 'sentiment': 0.1, 'keyword_mentioned': 'other', 'message_length': 36}
2025-09-20 21:31:17 | INFO | {'message': 'I just saw travel! It was funny.', 'author': 'Alice', 'timestamp': '2025-09-20 21:31:17', 'category': 'travel', 'sentiment': 0.18, 'keyword_mentioned': 'travel', 'message_length': 32}
2025-09-20 21:31:17 | INFO | Sent message to Kafka topic 'project_json': {'message': 'I just saw travel! It was funny.', 'author': 'Alice', 'timestamp': '2025-09-20 21:31:17', 'category': 'travel', 'sentiment': 0.18, 'keyword_mentioned': 'travel', 'message_length': 32}
2025-09-20 21:31:22 | INFO | {'message': 'I just shared a trick! It was weird.', 'author': 'Charlie', 'timestamp': '2025-09-20 21:31:22', 'category': 'other', 'sentiment': 0.92, 'keyword_mentioned': 'other', 'message_length': 36}
2025-09-20 21:31:22 | INFO | Sent message to Kafka topic 'project_json': {'message': 'I just shared a trick! It was weird.', 'author': 'Charlie', 'timestamp': '2025-09-20 21:31:22', 'category': 'other', 'sentiment': 0.92, 'keyword_mentioned': 'other', 'message_length': 36}
2025-09-20 21:31:27 | INFO | {'message': 'I just found a story! It was amazing.', 'author': 'Charlie', 'timestamp': '2025-09-20 21:31:27', 'category': 'other', 'sentiment': 0.04, 'keyword_mentioned': 'other', 'message_length': 37}
2025-09-20 21:31:27 | INFO | Sent message to Kafka topic 'project_json': {'message': 'I just found a story! It was amazing.', 'author': 'Charlie', 'timestamp': '2025-09-20 21:31:27', 'category': 'other', 'sentiment': 0.04, 'keyword_mentioned': 'other', 'message_length': 37}
2025-09-20 21:31:32 | INFO | {'message': 'I just saw travel! It was amazing.', 'author': 'Alice', 'timestamp': '2025-09-20 21:31:32', 'category': 'travel', 'sentiment': 0.66, 'keyword_mentioned': 'travel', 'message_length': 34}
2025-09-20 21:31:32 | INFO | Sent message to Kafka topic 'project_json': {'message': 'I just saw travel! It was amazing.', 'author': 'Alice', 'timestamp': '2025-09-20 21:31:32', 'category': 'travel', 'sentiment': 0.66, 'keyword_mentioned': 'travel', 'message_length': 34}
2025-09-20 21:31:37 | INFO | {'message': 'I just tried a trick! It was weird.', 'author': 'Alice', 'timestamp': '2025-09-20 21:31:37', 'category': 'other', 'sentiment': 0.4, 'keyword_mentioned': 'other', 'message_length': 35}
2025-09-20 21:31:37 | INFO | Sent message to Kafka topic 'project_json': {'message': 'I just tried a trick! It was weird.', 'author': 'Alice', 'timestamp': '2025-09-20 21:31:37', 'category': 'other', 'sentiment': 0.4, 'keyword_mentioned': 'other', 'message_length': 35}
2025-09-20 21:31:42 | INFO | {'message': 'I just tried JavaScript! It was amazing.', 'author': 'Bob', 'timestamp': '2025-09-20 21:31:42', 'category': 'tech', 'sentiment': 0.94, 'keyword_mentioned': 'JavaScript', 'message_length': 40}
2025-09-20 21:31:42 | INFO | Sent message to Kafka topic 'project_json': {'message': 'I just tried JavaScript! It was amazing.', 'author': 'Bob', 'timestamp': '2025-09-20 21:31:42', 'category': 'tech', 'sentiment': 0.94, 'keyword_mentioned': 'JavaScript', 'message_length': 40}
2025-09-20 21:31:47 | INFO | {'message': 'I just found a story! It was boring.', 'author': 'Bob', 'timestamp': '2025-09-20 21:31:47', 'category': 'other', 'sentiment': 0.65, 'keyword_mentioned': 'other', 'message_length': 36}
2025-09-20 21:31:47 | INFO | Sent message to Kafka topic 'project_json': {'message': 'I just found a story! It was boring.', 'author': 'Bob', 'timestamp': '2025-09-20 21:31:47', 'category': 'other', 'sentiment': 0.65, 'keyword_mentioned': 'other', 'message_length': 36}
2025-09-20 21:31:52 | INFO | {'message': 'I just saw an app! It was exciting.', 'author': 'Eve', 'timestamp': '2025-09-20 21:31:52', 'category': 'other', 'sentiment': 0.57, 'keyword_mentioned': 'other', 'message_length': 35}
2025-09-20 21:31:52 | INFO | Sent message to Kafka topic 'project_json': {'message': 'I just saw an app! It was exciting.', 'author': 'Eve', 'timestamp': '2025-09-20 21:31:52', 'category': 'other', 'sentiment': 0.57, 'keyword_mentioned': 'other', 'message_length': 35}
2025-09-20 21:31:57 | INFO | {'message': 'I just shared a meme! It was weird.', 'author': 'Eve', 'timestamp': '2025-09-20 21:31:57', 'category': 'humor', 'sentiment': 0.68, 'keyword_mentioned': 'meme', 'message_length': 35}
2025-09-20 21:31:57 | INFO | Sent message to Kafka topic 'project_json': {'message': 'I just shared a meme! It was weird.', 'author': 'Eve', 'timestamp': '2025-09-20 21:31:57', 'category': 'humor', 'sentiment': 0.68, 'keyword_mentioned': 'meme', 'message_length': 35}
2025-09-20 21:32:01 | WARNING | Consumer interrupted by user.
2025-09-20 21:32:01 | INFO | Kafka consumer for topic 'buzzline_json' closed.
2025-09-20 21:32:01 | INFO | END consumer for topic 'buzzline_json' and group 'buzz_group'.
2025-09-20 21:32:02 | INFO | {'message': 'I just tried an app! It was boring.', 'author': 'Bob', 'timestamp': '2025-09-20 21:32:02', 'category': 'other', 'sentiment': 0.41, 'keyword_mentioned': 'other', 'message_length': 35}
2025-09-20 21:32:02 | INFO | Sent message to Kafka topic 'project_json': {'message': 'I just tried an app! It was boring.', 'author': 'Bob', 'timestamp': '2025-09-20 21:32:02', 'category': 'other', 'sentiment': 0.41, 'keyword_mentioned': 'other', 'message_length': 35}
2025-09-20 21:32:07 | INFO | {'message': 'I just saw game! It was exciting.', 'author': 'Alice', 'timestamp': '2025-09-20 21:32:07', 'category': 'gaming', 'sentiment': 0.23, 'keyword_mentioned': 'game', 'message_length': 33}
2025-09-20 21:32:07 | INFO | Sent message to Kafka topic 'project_json': {'message': 'I just saw game! It was exciting.', 'author': 'Alice', 'timestamp': '2025-09-20 21:32:07', 'category': 'gaming', 'sentiment': 0.23, 'keyword_mentioned': 'game', 'message_length': 33}
2025-09-20 21:32:12 | INFO | {'message': 'I just loved JavaScript! It was amazing.', 'author': 'Alice', 'timestamp': '2025-09-20 21:32:12', 'category': 'tech', 'sentiment': 0.21, 'keyword_mentioned': 'JavaScript', 'message_length': 40}
2025-09-20 21:32:12 | INFO | Sent message to Kafka topic 'project_json': {'message': 'I just loved JavaScript! It was amazing.', 'author': 'Alice', 'timestamp': '2025-09-20 21:32:12', 'category': 'tech', 'sentiment': 0.21, 'keyword_mentioned': 'JavaScript', 'message_length': 40}
2025-09-20 21:32:17 | INFO | {'message': 'I just loved game! It was exciting.', 'author': 'Charlie', 'timestamp': '2025-09-20 21:32:17', 'category': 'gaming', 'sentiment': 0.52, 'keyword_mentioned': 'game', 'message_length': 35}
2025-09-20 21:32:17 | INFO | Sent message to Kafka topic 'project_json': {'message': 'I just loved game! It was exciting.', 'author': 'Charlie', 'timestamp': '2025-09-20 21:32:17', 'category': 'gaming', 'sentiment': 0.52, 'keyword_mentioned': 'game', 'message_length': 35}
2025-09-20 21:32:22 | INFO | {'message': 'I just tried a story! It was amazing.', 'author': 'Alice', 'timestamp': '2025-09-20 21:32:22', 'category': 'other', 'sentiment': 0.76, 'keyword_mentioned': 'other', 'message_length': 37}
2025-09-20 21:32:22 | INFO | Sent message to Kafka topic 'project_json': {'message': 'I just tried a story! It was amazing.', 'author': 'Alice', 'timestamp': '2025-09-20 21:32:22', 'category': 'other', 'sentiment': 0.76, 'keyword_mentioned': 'other', 'message_length': 37}
2025-09-20 21:32:27 | INFO | {'message': 'I just loved travel! It was weird.', 'author': 'Charlie', 'timestamp': '2025-09-20 21:32:27', 'category': 'travel', 'sentiment': 0.09, 'keyword_mentioned': 'travel', 'message_length': 34}
2025-09-20 21:32:27 | INFO | Sent message to Kafka topic 'project_json': {'message': 'I just loved travel! It was weird.', 'author': 'Charlie', 'timestamp': '2025-09-20 21:32:27', 'category': 'travel', 'sentiment': 0.09, 'keyword_mentioned': 'travel', 'message_length': 34}
2025-09-20 21:32:32 | INFO | {'message': 'I just tried game! It was amazing.', 'author': 'Charlie', 'timestamp': '2025-09-20 21:32:32', 'category': 'gaming', 'sentiment': 0.17, 'keyword_mentioned': 'game', 'message_length': 34}
2025-09-20 21:32:32 | INFO | Sent message to Kafka topic 'project_json': {'message': 'I just tried game! It was amazing.', 'author': 'Charlie', 'timestamp': '2025-09-20 21:32:32', 'category': 'gaming', 'sentiment': 0.17, 'keyword_mentioned': 'game', 'message_length': 34}
2025-09-20 21:32:37 | INFO | {'message': 'I just shared game! It was funny.', 'author': 'Bob', 'timestamp': '2025-09-20 21:32:37', 'category': 'gaming', 'sentiment': 0.85, 'keyword_mentioned': 'game', 'message_length': 33}
2025-09-20 21:32:37 | INFO | Sent message to Kafka topic 'project_json': {'message': 'I just shared game! It was funny.', 'author': 'Bob', 'timestamp': '2025-09-20 21:32:37', 'category': 'gaming', 'sentiment': 0.85, 'keyword_mentioned': 'game', 'message_length': 33}
2025-09-20 21:32:42 | INFO | {'message': 'I just tried a movie! It was amazing.', 'author': 'Eve', 'timestamp': '2025-09-20 21:32:42', 'category': 'entertainment', 'sentiment': 0.41, 'keyword_mentioned': 'movie', 'message_length': 37}
2025-09-20 21:32:42 | INFO | Sent message to Kafka topic 'project_json': {'message': 'I just tried a movie! It was amazing.', 'author': 'Eve', 'timestamp': '2025-09-20 21:32:42', 'category': 'entertainment', 'sentiment': 0.41, 'keyword_mentioned': 'movie', 'message_length': 37}
2025-09-20 21:32:47 | INFO | {'message': 'I just loved JavaScript! It was boring.', 'author': 'Bob', 'timestamp': '2025-09-20 21:32:47', 'category': 'tech', 'sentiment': 0.44, 'keyword_mentioned': 'JavaScript', 'message_length': 39}
2025-09-20 21:32:47 | INFO | Sent message to Kafka topic 'project_json': {'message': 'I just loved JavaScript! It was boring.', 'author': 'Bob', 'timestamp': '2025-09-20 21:32:47', 'category': 'tech', 'sentiment': 0.44, 'keyword_mentioned': 'JavaScript', 'message_length': 39}
2025-09-20 21:32:52 | INFO | {'message': 'I just loved JavaScript! It was exciting.', 'author': 'Bob', 'timestamp': '2025-09-20 21:32:52', 'category': 'tech', 'sentiment': 0.03, 'keyword_mentioned': 'JavaScript', 'message_length': 41}
2025-09-20 21:32:52 | INFO | Sent message to Kafka topic 'project_json': {'message': 'I just loved JavaScript! It was exciting.', 'author': 'Bob', 'timestamp': '2025-09-20 21:32:52', 'category': 'tech', 'sentiment': 0.03, 'keyword_mentioned': 'JavaScript', 'message_length': 41}
2025-09-20 21:32:57 | INFO | {'message': 'I just saw a trick! It was weird.', 'author': 'Charlie', 'timestamp': '2025-09-20 21:32:57', 'category': 'other', 'sentiment': 0.0, 'keyword_mentioned': 'other', 'message_length': 33}
2025-09-20 21:32:57 | INFO | Sent message to Kafka topic 'project_json': {'message': 'I just saw a trick! It was weird.', 'author': 'Charlie', 'timestamp': '2025-09-20 21:32:57', 'category': 'other', 'sentiment': 0.0, 'keyword_mentioned': 'other', 'message_length': 33}
2025-09-20 21:33:02 | INFO | {'message': 'I just tried Python! It was weird.', 'author': 'Charlie', 'timestamp': '2025-09-20 21:33:02', 'category': 'tech', 'sentiment': 0.75, 'keyword_mentioned': 'Python', 'message_length': 34}
2025-09-20 21:33:02 | INFO | Sent message to Kafka topic 'project_json': {'message': 'I just tried Python! It was weird.', 'author': 'Charlie', 'timestamp': '2025-09-20 21:33:02', 'category': 'tech', 'sentiment': 0.75, 'keyword_mentioned': 'Python', 'message_length': 34}
2025-09-20 21:33:07 | INFO | {'message': 'I just found a trick! It was amazing.', 'author': 'Eve', 'timestamp': '2025-09-20 21:33:07', 'category': 'other', 'sentiment': 0.64, 'keyword_mentioned': 'other', 'message_length': 37}
2025-09-20 21:33:07 | INFO | Sent message to Kafka topic 'project_json': {'message': 'I just found a trick! It was amazing.', 'author': 'Eve', 'timestamp': '2025-09-20 21:33:07', 'category': 'other', 'sentiment': 0.64, 'keyword_mentioned': 'other', 'message_length': 37}
2025-09-20 21:33:12 | INFO | {'message': 'I just tried JavaScript! It was boring.', 'author': 'Bob', 'timestamp': '2025-09-20 21:33:12', 'category': 'tech', 'sentiment': 0.22, 'keyword_mentioned': 'JavaScript', 'message_length': 39}
2025-09-20 21:33:12 | INFO | Sent message to Kafka topic 'project_json': {'message': 'I just tried JavaScript! It was boring.', 'author': 'Bob', 'timestamp': '2025-09-20 21:33:12', 'category': 'tech', 'sentiment': 0.22, 'keyword_mentioned': 'JavaScript', 'message_length': 39}
2025-09-20 21:33:17 | INFO | {'message': 'I just saw Python! It was weird.', 'author': 'Charlie', 'timestamp': '2025-09-20 21:33:17', 'category': 'tech', 'sentiment': 0.31, 'keyword_mentioned': 'Python', 'message_length': 32}
2025-09-20 21:33:17 | INFO | Sent message to Kafka topic 'project_json': {'message': 'I just saw Python! It was weird.', 'author': 'Charlie', 'timestamp': '2025-09-20 21:33:17', 'category': 'tech', 'sentiment': 0.31, 'keyword_mentioned': 'Python', 'message_length': 32}
2025-09-20 21:33:22 | INFO | {'message': 'I just shared a story! It was funny.', 'author': 'Bob', 'timestamp': '2025-09-20 21:33:22', 'category': 'other', 'sentiment': 0.73, 'keyword_mentioned': 'other', 'message_length': 36}
2025-09-20 21:33:22 | INFO | Sent message to Kafka topic 'project_json': {'message': 'I just shared a story! It was funny.', 'author': 'Bob', 'timestamp': '2025-09-20 21:33:22', 'category': 'other', 'sentiment': 0.73, 'keyword_mentioned': 'other', 'message_length': 36}
2025-09-20 21:33:27 | INFO | {'message': 'I just found a meme! It was boring.', 'author': 'Bob', 'timestamp': '2025-09-20 21:33:27', 'category': 'humor', 'sentiment': 0.84, 'keyword_mentioned': 'meme', 'message_length': 35}
2025-09-20 21:33:27 | INFO | Sent message to Kafka topic 'project_json': {'message': 'I just found a meme! It was boring.', 'author': 'Bob', 'timestamp': '2025-09-20 21:33:27', 'category': 'humor', 'sentiment': 0.84, 'keyword_mentioned': 'meme', 'message_length': 35}
2025-09-20 21:33:32 | INFO | {'message': 'I just shared travel! It was funny.', 'author': 'Alice', 'timestamp': '2025-09-20 21:33:32', 'category': 'travel', 'sentiment': 0.3, 'keyword_mentioned': 'travel', 'message_length': 35}
2025-09-20 21:33:32 | INFO | Sent message to Kafka topic 'project_json': {'message': 'I just shared travel! It was funny.', 'author': 'Alice', 'timestamp': '2025-09-20 21:33:32', 'category': 'travel', 'sentiment': 0.3, 'keyword_mentioned': 'travel', 'message_length': 35}
2025-09-20 21:33:37 | INFO | {'message': 'I just saw JavaScript! It was weird.', 'author': 'Alice', 'timestamp': '2025-09-20 21:33:37', 'category': 'tech', 'sentiment': 0.67, 'keyword_mentioned': 'JavaScript', 'message_length': 36}
2025-09-20 21:33:37 | INFO | Sent message to Kafka topic 'project_json': {'message': 'I just saw JavaScript! It was weird.', 'author': 'Alice', 'timestamp': '2025-09-20 21:33:37', 'category': 'tech', 'sentiment': 0.67, 'keyword_mentioned': 'JavaScript', 'message_length': 36}
2025-09-20 21:33:42 | INFO | {'message': 'I just saw a movie! It was boring.', 'author': 'Bob', 'timestamp': '2025-09-20 21:33:42', 'category': 'entertainment', 'sentiment': 0.79, 'keyword_mentioned': 'movie', 'message_length': 34}
2025-09-20 21:33:42 | INFO | Sent message to Kafka topic 'project_json': {'message': 'I just saw a movie! It was boring.', 'author': 'Bob', 'timestamp': '2025-09-20 21:33:42', 'category': 'entertainment', 'sentiment': 0.79, 'keyword_mentioned': 'movie', 'message_length': 34}
2025-09-20 21:33:47 | INFO | {'message': 'I just loved travel! It was exciting.', 'author': 'Bob', 'timestamp': '2025-09-20 21:33:47', 'category': 'travel', 'sentiment': 0.15, 'keyword_mentioned': 'travel', 'message_length': 37}
2025-09-20 21:33:47 | INFO | Sent message to Kafka topic 'project_json': {'message': 'I just loved travel! It was exciting.', 'author': 'Bob', 'timestamp': '2025-09-20 21:33:47', 'category': 'travel', 'sentiment': 0.15, 'keyword_mentioned': 'travel', 'message_length': 37}
2025-09-20 21:33:52 | INFO | {'message': 'I just tried a trick! It was amazing.', 'author': 'Eve', 'timestamp': '2025-09-20 21:33:52', 'category': 'other', 'sentiment': 0.67, 'keyword_mentioned': 'other', 'message_length': 37}
2025-09-20 21:33:52 | INFO | Sent message to Kafka topic 'project_json': {'message': 'I just tried a trick! It was amazing.', 'author': 'Eve', 'timestamp': '2025-09-20 21:33:52', 'category': 'other', 'sentiment': 0.67, 'keyword_mentioned': 'other', 'message_length': 37}
2025-09-20 21:33:57 | INFO | {'message': 'I just found travel! It was boring.', 'author': 'Alice', 'timestamp': '2025-09-20 21:33:57', 'category': 'travel', 'sentiment': 0.23, 'keyword_mentioned': 'travel', 'message_length': 35}
2025-09-20 21:33:57 | INFO | Sent message to Kafka topic 'project_json': {'message': 'I just found travel! It was boring.', 'author': 'Alice', 'timestamp': '2025-09-20 21:33:57', 'category': 'travel', 'sentiment': 0.23, 'keyword_mentioned': 'travel', 'message_length': 35}
2025-09-20 21:34:02 | INFO | {'message': 'I just found JavaScript! It was boring.', 'author': 'Alice', 'timestamp': '2025-09-20 21:34:02', 'category': 'tech', 'sentiment': 0.24, 'keyword_mentioned': 'JavaScript', 'message_length': 39}
2025-09-20 21:34:02 | INFO | Sent message to Kafka topic 'project_json': {'message': 'I just found JavaScript! It was boring.', 'author': 'Alice', 'timestamp': '2025-09-20 21:34:02', 'category': 'tech', 'sentiment': 0.24, 'keyword_mentioned': 'JavaScript', 'message_length': 39}
2025-09-20 21:34:07 | INFO | {'message': 'I just shared recipe! It was weird.', 'author': 'Bob', 'timestamp': '2025-09-20 21:34:07', 'category': 'food', 'sentiment': 0.3, 'keyword_mentioned': 'recipe', 'message_length': 35}
2025-09-20 21:34:07 | INFO | Sent message to Kafka topic 'project_json': {'message': 'I just shared recipe! It was weird.', 'author': 'Bob', 'timestamp': '2025-09-20 21:34:07', 'category': 'food', 'sentiment': 0.3, 'keyword_mentioned': 'recipe', 'message_length': 35}
2025-09-20 21:34:12 | INFO | {'message': 'I just found game! It was amazing.', 'author': 'Bob', 'timestamp': '2025-09-20 21:34:12', 'category': 'gaming', 'sentiment': 0.3, 'keyword_mentioned': 'game', 'message_length': 34}
2025-09-20 21:34:12 | INFO | Sent message to Kafka topic 'project_json': {'message': 'I just found game! It was amazing.', 'author': 'Bob', 'timestamp': '2025-09-20 21:34:12', 'category': 'gaming', 'sentiment': 0.3, 'keyword_mentioned': 'game', 'message_length': 34}
2025-09-20 21:34:17 | INFO | {'message': 'I just loved game! It was boring.', 'author': 'Charlie', 'timestamp': '2025-09-20 21:34:17', 'category': 'gaming', 'sentiment': 0.19, 'keyword_mentioned': 'game', 'message_length': 33}
2025-09-20 21:34:17 | INFO | Sent message to Kafka topic 'project_json': {'message': 'I just loved game! It was boring.', 'author': 'Charlie', 'timestamp': '2025-09-20 21:34:17', 'category': 'gaming', 'sentiment': 0.19, 'keyword_mentioned': 'game', 'message_length': 33}
2025-09-20 21:34:22 | INFO | {'message': 'I just shared a story! It was weird.', 'author': 'Bob', 'timestamp': '2025-09-20 21:34:22', 'category': 'other', 'sentiment': 0.29, 'keyword_mentioned': 'other', 'message_length': 36}
2025-09-20 21:34:22 | INFO | Sent message to Kafka topic 'project_json': {'message': 'I just shared a story! It was weird.', 'author': 'Bob', 'timestamp': '2025-09-20 21:34:22', 'category': 'other', 'sentiment': 0.29, 'keyword_mentioned': 'other', 'message_length': 36}
2025-09-20 21:34:27 | INFO | {'message': 'I just found JavaScript! It was weird.', 'author': 'Alice', 'timestamp': '2025-09-20 21:34:27', 'category': 'tech', 'sentiment': 0.68, 'keyword_mentioned': 'JavaScript', 'message_length': 38}
2025-09-20 21:34:27 | INFO | Sent message to Kafka topic 'project_json': {'message': 'I just found JavaScript! It was weird.', 'author': 'Alice', 'timestamp': '2025-09-20 21:34:27', 'category': 'tech', 'sentiment': 0.68, 'keyword_mentioned': 'JavaScript', 'message_length': 38}
2025-09-20 21:34:32 | INFO | {'message': 'I just saw a movie! It was exciting.', 'author': 'Bob', 'timestamp': '2025-09-20 21:34:32', 'category': 'entertainment', 'sentiment': 0.42, 'keyword_mentioned': 'movie', 'message_length': 36}
2025-09-20 21:34:32 | INFO | Sent message to Kafka topic 'project_json': {'message': 'I just saw a movie! It was exciting.', 'author': 'Bob', 'timestamp': '2025-09-20 21:34:32', 'category': 'entertainment', 'sentiment': 0.42, 'keyword_mentioned': 'movie', 'message_length': 36}
2025-09-20 21:34:37 | INFO | {'message': 'I just tried travel! It was weird.', 'author': 'Alice', 'timestamp': '2025-09-20 21:34:37', 'category': 'travel', 'sentiment': 0.78, 'keyword_mentioned': 'travel', 'message_length': 34}
2025-09-20 21:34:37 | INFO | Sent message to Kafka topic 'project_json': {'message': 'I just tried travel! It was weird.', 'author': 'Alice', 'timestamp': '2025-09-20 21:34:37', 'category': 'travel', 'sentiment': 0.78, 'keyword_mentioned': 'travel', 'message_length': 34}
2025-09-20 21:34:42 | INFO | {'message': 'I just tried a meme! It was funny.', 'author': 'Bob', 'timestamp': '2025-09-20 21:34:42', 'category': 'humor', 'sentiment': 0.6, 'keyword_mentioned': 'meme', 'message_length': 34}
2025-09-20 21:34:42 | INFO | Sent message to Kafka topic 'project_json': {'message': 'I just tried a meme! It was funny.', 'author': 'Bob', 'timestamp': '2025-09-20 21:34:42', 'category': 'humor', 'sentiment': 0.6, 'keyword_mentioned': 'meme', 'message_length': 34}
2025-09-20 21:34:47 | INFO | {'message': 'I just tried a movie! It was exciting.', 'author': 'Eve', 'timestamp': '2025-09-20 21:34:47', 'category': 'entertainment', 'sentiment': 0.48, 'keyword_mentioned': 'movie', 'message_length': 38}
2025-09-20 21:34:47 | INFO | Sent message to Kafka topic 'project_json': {'message': 'I just tried a movie! It was exciting.', 'author': 'Eve', 'timestamp': '2025-09-20 21:34:47', 'category': 'entertainment', 'sentiment': 0.48, 'keyword_mentioned': 'movie', 'message_length': 38}
2025-09-20 21:34:52 | INFO | {'message': 'I just loved recipe! It was funny.', 'author': 'Bob', 'timestamp': '2025-09-20 21:34:52', 'category': 'food', 'sentiment': 0.16, 'keyword_mentioned': 'recipe', 'message_length': 34}
2025-09-20 21:34:52 | INFO | Sent message to Kafka topic 'project_json': {'message': 'I just loved recipe! It was funny.', 'author': 'Bob', 'timestamp': '2025-09-20 21:34:52', 'category': 'food', 'sentiment': 0.16, 'keyword_mentioned': 'recipe', 'message_length': 34}
2025-09-20 21:34:57 | INFO | {'message': 'I just tried game! It was funny.', 'author': 'Bob', 'timestamp': '2025-09-20 21:34:57', 'category': 'gaming', 'sentiment': 0.38, 'keyword_mentioned': 'game', 'message_length': 32}
2025-09-20 21:34:57 | INFO | Sent message to Kafka topic 'project_json': {'message': 'I just tried game! It was funny.', 'author': 'Bob', 'timestamp': '2025-09-20 21:34:57', 'category': 'gaming', 'sentiment': 0.38, 'keyword_mentioned': 'game', 'message_length': 32}
2025-09-20 21:35:02 | INFO | {'message': 'I just found Python! It was exciting.', 'author': 'Alice', 'timestamp': '2025-09-20 21:35:02', 'category': 'tech', 'sentiment': 0.42, 'keyword_mentioned': 'Python', 'message_length': 37}
2025-09-20 21:35:02 | INFO | Sent message to Kafka topic 'project_json': {'message': 'I just found Python! It was exciting.', 'author': 'Alice', 'timestamp': '2025-09-20 21:35:02', 'category': 'tech', 'sentiment': 0.42, 'keyword_mentioned': 'Python', 'message_length': 37}
2025-09-20 21:35:07 | INFO | {'message': 'I just found an app! It was funny.', 'author': 'Eve', 'timestamp': '2025-09-20 21:35:07', 'category': 'other', 'sentiment': 0.86, 'keyword_mentioned': 'other', 'message_length': 34}
2025-09-20 21:35:07 | INFO | Sent message to Kafka topic 'project_json': {'message': 'I just found an app! It was funny.', 'author': 'Eve', 'timestamp': '2025-09-20 21:35:07', 'category': 'other', 'sentiment': 0.86, 'keyword_mentioned': 'other', 'message_length': 34}
2025-09-20 21:35:12 | INFO | {'message': 'I just found game! It was exciting.', 'author': 'Alice', 'timestamp': '2025-09-20 21:35:12', 'category': 'gaming', 'sentiment': 0.57, 'keyword_mentioned': 'game', 'message_length': 35}
2025-09-20 21:35:12 | INFO | Sent message to Kafka topic 'project_json': {'message': 'I just found game! It was exciting.', 'author': 'Alice', 'timestamp': '2025-09-20 21:35:12', 'category': 'gaming', 'sentiment': 0.57, 'keyword_mentioned': 'game', 'message_length': 35}
2025-09-20 21:35:17 | INFO | {'message': 'I just tried travel! It was weird.', 'author': 'Alice', 'timestamp': '2025-09-20 21:35:17', 'category': 'travel', 'sentiment': 0.26, 'keyword_mentioned': 'travel', 'message_length': 34}
2025-09-20 21:35:17 | INFO | Sent message to Kafka topic 'project_json': {'message': 'I just tried travel! It was weird.', 'author': 'Alice', 'timestamp': '2025-09-20 21:35:17', 'category': 'travel', 'sentiment': 0.26, 'keyword_mentioned': 'travel', 'message_length': 34}
2025-09-20 21:35:22 | INFO | {'message': 'I just tried Python! It was weird.', 'author': 'Eve', 'timestamp': '2025-09-20 21:35:22', 'category': 'tech', 'sentiment': 0.7, 'keyword_mentioned': 'Python', 'message_length': 34}
2025-09-20 21:35:22 | INFO | Sent message to Kafka topic 'project_json': {'message': 'I just tried Python! It was weird.', 'author': 'Eve', 'timestamp': '2025-09-20 21:35:22', 'category': 'tech', 'sentiment': 0.7, 'keyword_mentioned': 'Python', 'message_length': 34}
2025-09-20 21:35:27 | INFO | {'message': 'I just found JavaScript! It was weird.', 'author': 'Eve', 'timestamp': '2025-09-20 21:35:27', 'category': 'tech', 'sentiment': 0.48, 'keyword_mentioned': 'JavaScript', 'message_length': 38}
2025-09-20 21:35:27 | INFO | Sent message to Kafka topic 'project_json': {'message': 'I just found JavaScript! It was weird.', 'author': 'Eve', 'timestamp': '2025-09-20 21:35:27', 'category': 'tech', 'sentiment': 0.48, 'keyword_mentioned': 'JavaScript', 'message_length': 38}
2025-09-20 21:35:32 | INFO | {'message': 'I just found a trick! It was funny.', 'author': 'Eve', 'timestamp': '2025-09-20 21:35:32', 'category': 'other', 'sentiment': 0.99, 'keyword_mentioned': 'other', 'message_length': 35}
2025-09-20 21:35:32 | INFO | Sent message to Kafka topic 'project_json': {'message': 'I just found a trick! It was funny.', 'author': 'Eve', 'timestamp': '2025-09-20 21:35:32', 'category': 'other', 'sentiment': 0.99, 'keyword_mentioned': 'other', 'message_length': 35}
2025-09-20 21:35:37 | INFO | {'message': 'I just tried recipe! It was funny.', 'author': 'Charlie', 'timestamp': '2025-09-20 21:35:37', 'category': 'food', 'sentiment': 0.82, 'keyword_mentioned': 'recipe', 'message_length': 34}
2025-09-20 21:35:37 | INFO | Sent message to Kafka topic 'project_json': {'message': 'I just tried recipe! It was funny.', 'author': 'Charlie', 'timestamp': '2025-09-20 21:35:37', 'category': 'food', 'sentiment': 0.82, 'keyword_mentioned': 'recipe', 'message_length': 34}
2025-09-20 21:35:42 | INFO | {'message': 'I just loved game! It was amazing.', 'author': 'Charlie', 'timestamp': '2025-09-20 21:35:42', 'category': 'gaming', 'sentiment': 0.63, 'keyword_mentioned': 'game', 'message_length': 34}
2025-09-20 21:35:42 | INFO | Sent message to Kafka topic 'project_json': {'message': 'I just loved game! It was amazing.', 'author': 'Charlie', 'timestamp': '2025-09-20 21:35:42', 'category': 'gaming', 'sentiment': 0.63, 'keyword_mentioned': 'game', 'message_length': 34}
2025-09-20 21:35:47 | INFO | {'message': 'I just found game! It was amazing.', 'author': 'Eve', 'timestamp': '2025-09-20 21:35:47', 'category': 'gaming', 'sentiment': 0.36, 'keyword_mentioned': 'game', 'message_length': 34}
2025-09-20 21:35:47 | INFO | Sent message to Kafka topic 'project_json': {'message': 'I just found game! It was amazing.', 'author': 'Eve', 'timestamp': '2025-09-20 21:35:47', 'category': 'gaming', 'sentiment': 0.36, 'keyword_mentioned': 'game', 'message_length': 34}
